2020-03-31 16:22:39.811  INFO 16692 --- [restartedMain] com.lyy.LearingOnlineAdminApplication    : Starting LearingOnlineAdminApplication on DESKTOP-F4CCISB with PID 16692 (E:\DevelopProjects\Java_Project\idea_project\lyy\learing-online\learing-online-admin\target\classes started by LGX in E:\DevelopProjects\Java_Project\idea_project\lyy\learing-online)
2020-03-31 16:22:39.817  INFO 16692 --- [restartedMain] com.lyy.LearingOnlineAdminApplication    : No active profile set, falling back to default profiles: default
2020-03-31 16:22:40.610  INFO 16692 --- [restartedMain] o.s.b.devtools.restart.ChangeableUrls    : The Class-Path manifest attribute in D:\Program Files\Maven\repository\com\sun\xml\bind\jaxb-impl\2.2.3-1\jaxb-impl-2.2.3-1.jar referenced one or more files that do not exist: file:/D:/Program%20Files/Maven/repository/com/sun/xml/bind/jaxb-impl/2.2.3-1/jaxb-api.jar,file:/D:/Program%20Files/Maven/repository/com/sun/xml/bind/jaxb-impl/2.2.3-1/activation.jar,file:/D:/Program%20Files/Maven/repository/com/sun/xml/bind/jaxb-impl/2.2.3-1/jsr173_1.0_api.jar,file:/D:/Program%20Files/Maven/repository/com/sun/xml/bind/jaxb-impl/2.2.3-1/jaxb1-impl.jar
2020-03-31 16:22:40.611  INFO 16692 --- [restartedMain] .e.DevToolsPropertyDefaultsPostProcessor : Devtools property defaults active! Set 'spring.devtools.add-properties' to 'false' to disable
2020-03-31 16:22:40.611  INFO 16692 --- [restartedMain] .e.DevToolsPropertyDefaultsPostProcessor : For additional web related logging consider setting the 'logging.level.web' property to 'DEBUG'
2020-03-31 16:22:46.309  INFO 16692 --- [restartedMain] o.s.b.w.embedded.tomcat.TomcatWebServer  : Tomcat initialized with port(s): 8080 (http)
2020-03-31 16:22:46.324  INFO 16692 --- [restartedMain] o.apache.catalina.core.StandardService   : Starting service [Tomcat]
2020-03-31 16:22:46.324  INFO 16692 --- [restartedMain] org.apache.catalina.core.StandardEngine  : Starting Servlet engine: [Apache Tomcat/9.0.31]
2020-03-31 16:22:46.510  INFO 16692 --- [restartedMain] o.a.c.c.C.[Tomcat].[localhost].[/]       : Initializing Spring embedded WebApplicationContext
2020-03-31 16:22:46.510  INFO 16692 --- [restartedMain] o.s.web.context.ContextLoader            : Root WebApplicationContext: initialization completed in 5899 ms
2020-03-31 16:22:47.219  INFO 16692 --- [restartedMain] c.a.d.s.b.a.DruidDataSourceAutoConfigure : Init DruidDataSource
2020-03-31 16:22:47.899  INFO 16692 --- [restartedMain] com.alibaba.druid.pool.DruidDataSource   : {dataSource-1} inited
2020-03-31 16:22:49.977  INFO 16692 --- [restartedMain] pertySourcedRequestMappingHandlerMapping : Mapped URL path [/v2/api-docs] onto method [springfox.documentation.swagger2.web.Swagger2Controller#getDocumentation(String, HttpServletRequest)]
2020-03-31 16:22:50.250  INFO 16692 --- [restartedMain] o.s.s.concurrent.ThreadPoolTaskExecutor  : Initializing ExecutorService 'applicationTaskExecutor'
2020-03-31 16:22:50.356  INFO 16692 --- [restartedMain] o.s.b.d.a.OptionalLiveReloadServer       : LiveReload server is running on port 35729
2020-03-31 16:22:50.839  INFO 16692 --- [restartedMain] d.s.w.p.DocumentationPluginsBootstrapper : Context refreshed
2020-03-31 16:22:50.907  INFO 16692 --- [restartedMain] d.s.w.p.DocumentationPluginsBootstrapper : Found 1 custom documentation plugin(s)
2020-03-31 16:22:50.973  INFO 16692 --- [restartedMain] s.d.s.w.s.ApiListingReferenceScanner     : Scanning for api listing references
2020-03-31 16:22:51.380  INFO 16692 --- [restartedMain] .d.s.w.r.o.CachingOperationNameGenerator : Generating unique operation named: doRemoveUsingDELETE_1
2020-03-31 16:22:51.384  INFO 16692 --- [restartedMain] .d.s.w.r.o.CachingOperationNameGenerator : Generating unique operation named: doSaveUsingPOST_1
2020-03-31 16:22:51.394  INFO 16692 --- [restartedMain] .d.s.w.r.o.CachingOperationNameGenerator : Generating unique operation named: doQueryAllUsingGET_1
2020-03-31 16:22:51.398  INFO 16692 --- [restartedMain] .d.s.w.r.o.CachingOperationNameGenerator : Generating unique operation named: doQueryByIdUsingGET_1
2020-03-31 16:22:51.403  INFO 16692 --- [restartedMain] .d.s.w.r.o.CachingOperationNameGenerator : Generating unique operation named: doRemoveUsingDELETE_2
2020-03-31 16:22:51.426  INFO 16692 --- [restartedMain] .d.s.w.r.o.CachingOperationNameGenerator : Generating unique operation named: doSaveUsingPOST_2
2020-03-31 16:22:51.429  INFO 16692 --- [restartedMain] .d.s.w.r.o.CachingOperationNameGenerator : Generating unique operation named: doUpdateUsingPUT_1
2020-03-31 16:22:51.532  INFO 16692 --- [restartedMain] o.s.b.w.embedded.tomcat.TomcatWebServer  : Tomcat started on port(s): 8080 (http) with context path ''
2020-03-31 16:22:51.535  INFO 16692 --- [restartedMain] com.lyy.LearingOnlineAdminApplication    : Started LearingOnlineAdminApplication in 13.312 seconds (JVM running for 15.842)
2020-03-31 16:23:18.906  INFO 16692 --- [http-nio-8080-exec-1] o.apache.tomcat.util.http.parser.Cookie  : A cookie header was received [1584886615; _xsrf=2|7aba69bf|b3ca535ccc42191eee0ae5de371c5e91|1585577390; username-localhost-8888="2|1:0|10:1585580120|23:username-localhost-8888|44:MjAzYWIyNjU5YjdiNGU2MWJlNDBmZGI4OTAzYzExMDE=|c788aab9381d111d29baf804295fc378d02b782c485f475ff6d81b7e1d1c5509"] that contained an invalid cookie. That cookie will be ignored.
 Note: further occurrences of this error will be logged at DEBUG level.
2020-03-31 16:23:18.931  INFO 16692 --- [http-nio-8080-exec-1] o.a.c.c.C.[Tomcat].[localhost].[/]       : Initializing Spring DispatcherServlet 'dispatcherServlet'
2020-03-31 16:23:18.931  INFO 16692 --- [http-nio-8080-exec-1] o.s.web.servlet.DispatcherServlet        : Initializing Servlet 'dispatcherServlet'
2020-03-31 16:23:18.942  INFO 16692 --- [http-nio-8080-exec-1] o.s.web.servlet.DispatcherServlet        : Completed initialization in 11 ms
2020-03-31 16:23:31.284  INFO 16692 --- [http-nio-8080-exec-9] com.lyy.log.aspect.MyApiLogAspect        : ===================== 请求内容 =====================
2020-03-31 16:23:31.285  INFO 16692 --- [http-nio-8080-exec-9] com.lyy.log.aspect.MyApiLogAspect        : == 业务发生时间:2020-03-31 04:23:31
2020-03-31 16:23:31.285  INFO 16692 --- [http-nio-8080-exec-9] com.lyy.log.aspect.MyApiLogAspect        : == 请求URL:http://localhost:8080/v1/department/query
2020-03-31 16:23:31.286  INFO 16692 --- [http-nio-8080-exec-9] com.lyy.log.aspect.MyApiLogAspect        : == 请求IP:0:0:0:0:0:0:0:1
2020-03-31 16:23:31.287  INFO 16692 --- [http-nio-8080-exec-9] com.lyy.log.aspect.MyApiLogAspect        : == 请求类:com.lyy.controller.DepartmentController
2020-03-31 16:23:31.287  INFO 16692 --- [http-nio-8080-exec-9] com.lyy.log.aspect.MyApiLogAspect        : == 调用方法:doQueryAll
2020-03-31 16:23:31.287  INFO 16692 --- [http-nio-8080-exec-9] com.lyy.log.aspect.MyApiLogAspect        : == 方法参数:
2020-03-31 16:23:31.288  INFO 16692 --- [http-nio-8080-exec-9] com.lyy.log.aspect.MyApiLogAspect        : == 传入数据:[]
2020-03-31 16:23:31.288  INFO 16692 --- [http-nio-8080-exec-9] com.lyy.log.aspect.MyApiLogAspect        : =====================================================
2020-03-31 16:23:31.665  INFO 16692 --- [http-nio-8080-exec-9] com.lyy.log.aspect.MyApiLogAspect        : ===================== 响应内容 =====================
2020-03-31 16:23:31.665  INFO 16692 --- [http-nio-8080-exec-9] com.lyy.log.aspect.MyApiLogAspect        : == 业务发生时间:2020-03-31 04:23:31
2020-03-31 16:23:31.665  INFO 16692 --- [http-nio-8080-exec-9] com.lyy.log.aspect.MyApiLogAspect        : == 响应耗时:0s
2020-03-31 16:23:31.666  INFO 16692 --- [http-nio-8080-exec-9] com.lyy.log.aspect.MyApiLogAspect        : == 返回内容:CommonResponse(head=ResponseHead(responseCode=200, message=院系信息查询成功), body=ResponseBody(data=[]))
2020-03-31 16:23:31.666  INFO 16692 --- [http-nio-8080-exec-9] com.lyy.log.aspect.MyApiLogAspect        : =====================  响应内容 =====================
2020-03-31 16:23:55.264  INFO 16692 --- [http-nio-8080-exec-3] com.lyy.log.aspect.MyApiLogAspect        : ===================== 请求内容 =====================
2020-03-31 16:23:55.264  INFO 16692 --- [http-nio-8080-exec-3] com.lyy.log.aspect.MyApiLogAspect        : == 业务发生时间:2020-03-31 04:23:55
2020-03-31 16:23:55.264  INFO 16692 --- [http-nio-8080-exec-3] com.lyy.log.aspect.MyApiLogAspect        : == 请求URL:http://localhost:8080/v1/department/save
2020-03-31 16:23:55.265  INFO 16692 --- [http-nio-8080-exec-3] com.lyy.log.aspect.MyApiLogAspect        : == 请求IP:0:0:0:0:0:0:0:1
2020-03-31 16:23:55.265  INFO 16692 --- [http-nio-8080-exec-3] com.lyy.log.aspect.MyApiLogAspect        : == 请求类:com.lyy.controller.DepartmentController
2020-03-31 16:23:55.265  INFO 16692 --- [http-nio-8080-exec-3] com.lyy.log.aspect.MyApiLogAspect        : == 调用方法:doSave
2020-03-31 16:23:55.265  INFO 16692 --- [http-nio-8080-exec-3] com.lyy.log.aspect.MyApiLogAspect        : == 方法参数:[com.lyy.common.CommonRequest]vo 
2020-03-31 16:23:55.265  INFO 16692 --- [http-nio-8080-exec-3] com.lyy.log.aspect.MyApiLogAspect        : == 传入数据:[CommonRequest(head=RequestHead(token=string, businessType=string, equipId=string), body=RequestBody(data=DepartmentQueryVO(id=string, name=信息科學與工程學院)))]
2020-03-31 16:23:55.265  INFO 16692 --- [http-nio-8080-exec-3] com.lyy.log.aspect.MyApiLogAspect        : =====================================================
2020-03-31 16:23:55.380  INFO 16692 --- [http-nio-8080-exec-3] com.lyy.log.aspect.MyApiLogAspect        : ===================== 响应内容 =====================
2020-03-31 16:23:55.380  INFO 16692 --- [http-nio-8080-exec-3] com.lyy.log.aspect.MyApiLogAspect        : == 业务发生时间:2020-03-31 04:23:55
2020-03-31 16:23:55.380  INFO 16692 --- [http-nio-8080-exec-3] com.lyy.log.aspect.MyApiLogAspect        : == 响应耗时:0s
2020-03-31 16:23:55.380  INFO 16692 --- [http-nio-8080-exec-3] com.lyy.log.aspect.MyApiLogAspect        : == 返回内容:CommonResponse(head=ResponseHead(responseCode=200, message=院系信息添加成功), body=ResponseBody(data=院系信息添加成功))
2020-03-31 16:23:55.380  INFO 16692 --- [http-nio-8080-exec-3] com.lyy.log.aspect.MyApiLogAspect        : =====================  响应内容 =====================
2020-03-31 16:24:00.796  INFO 16692 --- [http-nio-8080-exec-5] com.lyy.log.aspect.MyApiLogAspect        : ===================== 请求内容 =====================
2020-03-31 16:24:00.797  INFO 16692 --- [http-nio-8080-exec-5] com.lyy.log.aspect.MyApiLogAspect        : == 业务发生时间:2020-03-31 04:24:00
2020-03-31 16:24:00.797  INFO 16692 --- [http-nio-8080-exec-5] com.lyy.log.aspect.MyApiLogAspect        : == 请求URL:http://localhost:8080/v1/department/query
2020-03-31 16:24:00.797  INFO 16692 --- [http-nio-8080-exec-5] com.lyy.log.aspect.MyApiLogAspect        : == 请求IP:0:0:0:0:0:0:0:1
2020-03-31 16:24:00.797  INFO 16692 --- [http-nio-8080-exec-5] com.lyy.log.aspect.MyApiLogAspect        : == 请求类:com.lyy.controller.DepartmentController
2020-03-31 16:24:00.797  INFO 16692 --- [http-nio-8080-exec-5] com.lyy.log.aspect.MyApiLogAspect        : == 调用方法:doQueryAll
2020-03-31 16:24:00.798  INFO 16692 --- [http-nio-8080-exec-5] com.lyy.log.aspect.MyApiLogAspect        : == 方法参数:
2020-03-31 16:24:00.798  INFO 16692 --- [http-nio-8080-exec-5] com.lyy.log.aspect.MyApiLogAspect        : == 传入数据:[]
2020-03-31 16:24:00.798  INFO 16692 --- [http-nio-8080-exec-5] com.lyy.log.aspect.MyApiLogAspect        : =====================================================
2020-03-31 16:24:00.817  INFO 16692 --- [http-nio-8080-exec-5] com.lyy.log.aspect.MyApiLogAspect        : ===================== 响应内容 =====================
2020-03-31 16:24:00.817  INFO 16692 --- [http-nio-8080-exec-5] com.lyy.log.aspect.MyApiLogAspect        : == 业务发生时间:2020-03-31 04:24:00
2020-03-31 16:24:00.817  INFO 16692 --- [http-nio-8080-exec-5] com.lyy.log.aspect.MyApiLogAspect        : == 响应耗时:0s
2020-03-31 16:24:00.817  INFO 16692 --- [http-nio-8080-exec-5] com.lyy.log.aspect.MyApiLogAspect        : == 返回内容:CommonResponse(head=ResponseHead(responseCode=200, message=院系信息查询成功), body=ResponseBody(data=[DepartmentResponseVO(id=404882142595301376, name=信息科學與工程學院)]))
2020-03-31 16:24:00.817  INFO 16692 --- [http-nio-8080-exec-5] com.lyy.log.aspect.MyApiLogAspect        : =====================  响应内容 =====================
2020-03-31 16:24:25.087  INFO 16692 --- [http-nio-8080-exec-7] com.lyy.log.aspect.MyApiLogAspect        : ===================== 请求内容 =====================
2020-03-31 16:24:25.087  INFO 16692 --- [http-nio-8080-exec-7] com.lyy.log.aspect.MyApiLogAspect        : == 业务发生时间:2020-03-31 04:24:25
2020-03-31 16:24:25.087  INFO 16692 --- [http-nio-8080-exec-7] com.lyy.log.aspect.MyApiLogAspect        : == 请求URL:http://localhost:8080/v1/department/update
2020-03-31 16:24:25.088  INFO 16692 --- [http-nio-8080-exec-7] com.lyy.log.aspect.MyApiLogAspect        : == 请求IP:0:0:0:0:0:0:0:1
2020-03-31 16:24:25.088  INFO 16692 --- [http-nio-8080-exec-7] com.lyy.log.aspect.MyApiLogAspect        : == 请求类:com.lyy.controller.DepartmentController
2020-03-31 16:24:25.088  INFO 16692 --- [http-nio-8080-exec-7] com.lyy.log.aspect.MyApiLogAspect        : == 调用方法:doUpdate
2020-03-31 16:24:25.088  INFO 16692 --- [http-nio-8080-exec-7] com.lyy.log.aspect.MyApiLogAspect        : == 方法参数:[com.lyy.common.CommonRequest]vo 
2020-03-31 16:24:25.088  INFO 16692 --- [http-nio-8080-exec-7] com.lyy.log.aspect.MyApiLogAspect        : == 传入数据:[CommonRequest(head=RequestHead(token=string, businessType=string, equipId=string), body=RequestBody(data=DepartmentQueryVO(id=404882142595301376, name=123)))]
2020-03-31 16:24:25.088  INFO 16692 --- [http-nio-8080-exec-7] com.lyy.log.aspect.MyApiLogAspect        : =====================================================
2020-03-31 16:24:25.292 ERROR 16692 --- [http-nio-8080-exec-7] c.l.e.handler.GlobalExceptionResolver    : App异常：错误码[212003], 错误信息[院系信息更新失败]
2020-03-31 16:24:25.316 ERROR 16692 --- [http-nio-8080-exec-7] c.l.e.handler.GlobalExceptionResolver    : 错误详情：

com.lyy.exception.base.AppException: 院系信息更新失败
	at com.lyy.controller.DepartmentController.doUpdate(DepartmentController.java:108) ~[classes/:na]
	at com.lyy.controller.DepartmentController$$FastClassBySpringCGLIB$$91af3071.invoke(<generated>) ~[classes/:na]
	at org.springframework.cglib.proxy.MethodProxy.invoke(MethodProxy.java:218) ~[spring-core-5.2.4.RELEASE.jar:5.2.4.RELEASE]
	at org.springframework.aop.framework.CglibAopProxy$CglibMethodInvocation.invokeJoinpoint(CglibAopProxy.java:769) ~[spring-aop-5.2.4.RELEASE.jar:5.2.4.RELEASE]
	at org.springframework.aop.framework.ReflectiveMethodInvocation.proceed(ReflectiveMethodInvocation.java:163) ~[spring-aop-5.2.4.RELEASE.jar:5.2.4.RELEASE]
	at org.springframework.aop.framework.CglibAopProxy$CglibMethodInvocation.proceed(CglibAopProxy.java:747) ~[spring-aop-5.2.4.RELEASE.jar:5.2.4.RELEASE]
	at org.springframework.aop.aspectj.MethodInvocationProceedingJoinPoint.proceed(MethodInvocationProceedingJoinPoint.java:100) ~[spring-aop-5.2.4.RELEASE.jar:5.2.4.RELEASE]
	at com.lyy.log.aspect.MyApiLogAspect.around(MyApiLogAspect.java:79) ~[classes/:na]
	at sun.reflect.NativeMethodAccessorImpl.invoke0(Native Method) ~[na:1.8.0_161]
	at sun.reflect.NativeMethodAccessorImpl.invoke(NativeMethodAccessorImpl.java:62) ~[na:1.8.0_161]
	at sun.reflect.DelegatingMethodAccessorImpl.invoke(DelegatingMethodAccessorImpl.java:43) ~[na:1.8.0_161]
	at java.lang.reflect.Method.invoke(Method.java:498) ~[na:1.8.0_161]
	at org.springframework.aop.aspectj.AbstractAspectJAdvice.invokeAdviceMethodWithGivenArgs(AbstractAspectJAdvice.java:644) ~[spring-aop-5.2.4.RELEASE.jar:5.2.4.RELEASE]
	at org.springframework.aop.aspectj.AbstractAspectJAdvice.invokeAdviceMethod(AbstractAspectJAdvice.java:633) ~[spring-aop-5.2.4.RELEASE.jar:5.2.4.RELEASE]
	at org.springframework.aop.aspectj.AspectJAroundAdvice.invoke(AspectJAroundAdvice.java:70) ~[spring-aop-5.2.4.RELEASE.jar:5.2.4.RELEASE]
	at org.springframework.aop.framework.ReflectiveMethodInvocation.proceed(ReflectiveMethodInvocation.java:175) ~[spring-aop-5.2.4.RELEASE.jar:5.2.4.RELEASE]
	at org.springframework.aop.framework.CglibAopProxy$CglibMethodInvocation.proceed(CglibAopProxy.java:747) ~[spring-aop-5.2.4.RELEASE.jar:5.2.4.RELEASE]
	at org.springframework.aop.interceptor.ExposeInvocationInterceptor.invoke(ExposeInvocationInterceptor.java:95) ~[spring-aop-5.2.4.RELEASE.jar:5.2.4.RELEASE]
	at org.springframework.aop.framework.ReflectiveMethodInvocation.proceed(ReflectiveMethodInvocation.java:186) ~[spring-aop-5.2.4.RELEASE.jar:5.2.4.RELEASE]
	at org.springframework.aop.framework.CglibAopProxy$CglibMethodInvocation.proceed(CglibAopProxy.java:747) ~[spring-aop-5.2.4.RELEASE.jar:5.2.4.RELEASE]
	at org.springframework.aop.framework.CglibAopProxy$DynamicAdvisedInterceptor.intercept(CglibAopProxy.java:689) ~[spring-aop-5.2.4.RELEASE.jar:5.2.4.RELEASE]
	at com.lyy.controller.DepartmentController$$EnhancerBySpringCGLIB$$f93aff76.doUpdate(<generated>) ~[classes/:na]
	at sun.reflect.NativeMethodAccessorImpl.invoke0(Native Method) ~[na:1.8.0_161]
	at sun.reflect.NativeMethodAccessorImpl.invoke(NativeMethodAccessorImpl.java:62) ~[na:1.8.0_161]
	at sun.reflect.DelegatingMethodAccessorImpl.invoke(DelegatingMethodAccessorImpl.java:43) ~[na:1.8.0_161]
	at java.lang.reflect.Method.invoke(Method.java:498) ~[na:1.8.0_161]
	at org.springframework.web.method.support.InvocableHandlerMethod.doInvoke(InvocableHandlerMethod.java:190) ~[spring-web-5.2.4.RELEASE.jar:5.2.4.RELEASE]
	at org.springframework.web.method.support.InvocableHandlerMethod.invokeForRequest(InvocableHandlerMethod.java:138) ~[spring-web-5.2.4.RELEASE.jar:5.2.4.RELEASE]
	at org.springframework.web.servlet.mvc.method.annotation.ServletInvocableHandlerMethod.invokeAndHandle(ServletInvocableHandlerMethod.java:106) ~[spring-webmvc-5.2.4.RELEASE.jar:5.2.4.RELEASE]
	at org.springframework.web.servlet.mvc.method.annotation.RequestMappingHandlerAdapter.invokeHandlerMethod(RequestMappingHandlerAdapter.java:879) ~[spring-webmvc-5.2.4.RELEASE.jar:5.2.4.RELEASE]
	at org.springframework.web.servlet.mvc.method.annotation.RequestMappingHandlerAdapter.handleInternal(RequestMappingHandlerAdapter.java:793) ~[spring-webmvc-5.2.4.RELEASE.jar:5.2.4.RELEASE]
	at org.springframework.web.servlet.mvc.method.AbstractHandlerMethodAdapter.handle(AbstractHandlerMethodAdapter.java:87) ~[spring-webmvc-5.2.4.RELEASE.jar:5.2.4.RELEASE]
	at org.springframework.web.servlet.DispatcherServlet.doDispatch(DispatcherServlet.java:1040) ~[spring-webmvc-5.2.4.RELEASE.jar:5.2.4.RELEASE]
	at org.springframework.web.servlet.DispatcherServlet.doService(DispatcherServlet.java:943) ~[spring-webmvc-5.2.4.RELEASE.jar:5.2.4.RELEASE]
	at org.springframework.web.servlet.FrameworkServlet.processRequest(FrameworkServlet.java:1006) [spring-webmvc-5.2.4.RELEASE.jar:5.2.4.RELEASE]
	at org.springframework.web.servlet.FrameworkServlet.doPut(FrameworkServlet.java:920) [spring-webmvc-5.2.4.RELEASE.jar:5.2.4.RELEASE]
	at javax.servlet.http.HttpServlet.service(HttpServlet.java:663) [tomcat-embed-core-9.0.31.jar:9.0.31]
	at org.springframework.web.servlet.FrameworkServlet.service(FrameworkServlet.java:883) [spring-webmvc-5.2.4.RELEASE.jar:5.2.4.RELEASE]
	at javax.servlet.http.HttpServlet.service(HttpServlet.java:741) [tomcat-embed-core-9.0.31.jar:9.0.31]
	at org.apache.catalina.core.ApplicationFilterChain.internalDoFilter(ApplicationFilterChain.java:231) [tomcat-embed-core-9.0.31.jar:9.0.31]
	at org.apache.catalina.core.ApplicationFilterChain.doFilter(ApplicationFilterChain.java:166) [tomcat-embed-core-9.0.31.jar:9.0.31]
	at org.apache.tomcat.websocket.server.WsFilter.doFilter(WsFilter.java:53) [tomcat-embed-websocket-9.0.31.jar:9.0.31]
	at org.apache.catalina.core.ApplicationFilterChain.internalDoFilter(ApplicationFilterChain.java:193) [tomcat-embed-core-9.0.31.jar:9.0.31]
	at org.apache.catalina.core.ApplicationFilterChain.doFilter(ApplicationFilterChain.java:166) [tomcat-embed-core-9.0.31.jar:9.0.31]
	at com.alibaba.druid.support.http.WebStatFilter.doFilter(WebStatFilter.java:123) [druid-1.1.10.jar:1.1.10]
	at org.apache.catalina.core.ApplicationFilterChain.internalDoFilter(ApplicationFilterChain.java:193) [tomcat-embed-core-9.0.31.jar:9.0.31]
	at org.apache.catalina.core.ApplicationFilterChain.doFilter(ApplicationFilterChain.java:166) [tomcat-embed-core-9.0.31.jar:9.0.31]
	at org.springframework.web.filter.RequestContextFilter.doFilterInternal(RequestContextFilter.java:100) [spring-web-5.2.4.RELEASE.jar:5.2.4.RELEASE]
	at org.springframework.web.filter.OncePerRequestFilter.doFilter(OncePerRequestFilter.java:119) [spring-web-5.2.4.RELEASE.jar:5.2.4.RELEASE]
	at org.apache.catalina.core.ApplicationFilterChain.internalDoFilter(ApplicationFilterChain.java:193) [tomcat-embed-core-9.0.31.jar:9.0.31]
	at org.apache.catalina.core.ApplicationFilterChain.doFilter(ApplicationFilterChain.java:166) [tomcat-embed-core-9.0.31.jar:9.0.31]
	at org.springframework.web.filter.FormContentFilter.doFilterInternal(FormContentFilter.java:93) [spring-web-5.2.4.RELEASE.jar:5.2.4.RELEASE]
	at org.springframework.web.filter.OncePerRequestFilter.doFilter(OncePerRequestFilter.java:119) [spring-web-5.2.4.RELEASE.jar:5.2.4.RELEASE]
	at org.apache.catalina.core.ApplicationFilterChain.internalDoFilter(ApplicationFilterChain.java:193) [tomcat-embed-core-9.0.31.jar:9.0.31]
	at org.apache.catalina.core.ApplicationFilterChain.doFilter(ApplicationFilterChain.java:166) [tomcat-embed-core-9.0.31.jar:9.0.31]
	at org.springframework.web.filter.CharacterEncodingFilter.doFilterInternal(CharacterEncodingFilter.java:201) [spring-web-5.2.4.RELEASE.jar:5.2.4.RELEASE]
	at org.springframework.web.filter.OncePerRequestFilter.doFilter(OncePerRequestFilter.java:119) [spring-web-5.2.4.RELEASE.jar:5.2.4.RELEASE]
	at org.apache.catalina.core.ApplicationFilterChain.internalDoFilter(ApplicationFilterChain.java:193) [tomcat-embed-core-9.0.31.jar:9.0.31]
	at org.apache.catalina.core.ApplicationFilterChain.doFilter(ApplicationFilterChain.java:166) [tomcat-embed-core-9.0.31.jar:9.0.31]
	at org.apache.catalina.core.StandardWrapperValve.invoke(StandardWrapperValve.java:202) [tomcat-embed-core-9.0.31.jar:9.0.31]
	at org.apache.catalina.core.StandardContextValve.invoke(StandardContextValve.java:96) [tomcat-embed-core-9.0.31.jar:9.0.31]
	at org.apache.catalina.authenticator.AuthenticatorBase.invoke(AuthenticatorBase.java:541) [tomcat-embed-core-9.0.31.jar:9.0.31]
	at org.apache.catalina.core.StandardHostValve.invoke(StandardHostValve.java:139) [tomcat-embed-core-9.0.31.jar:9.0.31]
	at org.apache.catalina.valves.ErrorReportValve.invoke(ErrorReportValve.java:92) [tomcat-embed-core-9.0.31.jar:9.0.31]
	at org.apache.catalina.core.StandardEngineValve.invoke(StandardEngineValve.java:74) [tomcat-embed-core-9.0.31.jar:9.0.31]
	at org.apache.catalina.connector.CoyoteAdapter.service(CoyoteAdapter.java:343) [tomcat-embed-core-9.0.31.jar:9.0.31]
	at org.apache.coyote.http11.Http11Processor.service(Http11Processor.java:367) [tomcat-embed-core-9.0.31.jar:9.0.31]
	at org.apache.coyote.AbstractProcessorLight.process(AbstractProcessorLight.java:65) [tomcat-embed-core-9.0.31.jar:9.0.31]
	at org.apache.coyote.AbstractProtocol$ConnectionHandler.process(AbstractProtocol.java:868) [tomcat-embed-core-9.0.31.jar:9.0.31]
	at org.apache.tomcat.util.net.NioEndpoint$SocketProcessor.doRun(NioEndpoint.java:1639) [tomcat-embed-core-9.0.31.jar:9.0.31]
	at org.apache.tomcat.util.net.SocketProcessorBase.run(SocketProcessorBase.java:49) [tomcat-embed-core-9.0.31.jar:9.0.31]
	at java.util.concurrent.ThreadPoolExecutor.runWorker(ThreadPoolExecutor.java:1149) [na:1.8.0_161]
	at java.util.concurrent.ThreadPoolExecutor$Worker.run(ThreadPoolExecutor.java:624) [na:1.8.0_161]
	at org.apache.tomcat.util.threads.TaskThread$WrappingRunnable.run(TaskThread.java:61) [tomcat-embed-core-9.0.31.jar:9.0.31]
	at java.lang.Thread.run(Thread.java:748) [na:1.8.0_161]

2020-03-31 16:24:25.319  WARN 16692 --- [http-nio-8080-exec-7] .m.m.a.ExceptionHandlerExceptionResolver : Resolved [AppException(code=212003, message=院系信息更新失败)]
2020-03-31 16:24:57.791  INFO 6060 --- [restartedMain] com.lyy.LearingOnlineAdminApplication    : Starting LearingOnlineAdminApplication on DESKTOP-F4CCISB with PID 6060 (E:\DevelopProjects\Java_Project\idea_project\lyy\learing-online\learing-online-admin\target\classes started by LGX in E:\DevelopProjects\Java_Project\idea_project\lyy\learing-online)
2020-03-31 16:24:57.793  INFO 6060 --- [restartedMain] com.lyy.LearingOnlineAdminApplication    : No active profile set, falling back to default profiles: default
2020-03-31 16:24:57.865  INFO 6060 --- [restartedMain] o.s.b.devtools.restart.ChangeableUrls    : The Class-Path manifest attribute in D:\Program Files\Maven\repository\com\sun\xml\bind\jaxb-impl\2.2.3-1\jaxb-impl-2.2.3-1.jar referenced one or more files that do not exist: file:/D:/Program%20Files/Maven/repository/com/sun/xml/bind/jaxb-impl/2.2.3-1/jaxb-api.jar,file:/D:/Program%20Files/Maven/repository/com/sun/xml/bind/jaxb-impl/2.2.3-1/activation.jar,file:/D:/Program%20Files/Maven/repository/com/sun/xml/bind/jaxb-impl/2.2.3-1/jsr173_1.0_api.jar,file:/D:/Program%20Files/Maven/repository/com/sun/xml/bind/jaxb-impl/2.2.3-1/jaxb1-impl.jar
2020-03-31 16:24:57.868  INFO 6060 --- [restartedMain] .e.DevToolsPropertyDefaultsPostProcessor : Devtools property defaults active! Set 'spring.devtools.add-properties' to 'false' to disable
2020-03-31 16:24:57.868  INFO 6060 --- [restartedMain] .e.DevToolsPropertyDefaultsPostProcessor : For additional web related logging consider setting the 'logging.level.web' property to 'DEBUG'
2020-03-31 16:25:00.563  INFO 6060 --- [restartedMain] o.s.b.w.embedded.tomcat.TomcatWebServer  : Tomcat initialized with port(s): 8080 (http)
2020-03-31 16:25:00.575  INFO 6060 --- [restartedMain] o.apache.catalina.core.StandardService   : Starting service [Tomcat]
2020-03-31 16:25:00.575  INFO 6060 --- [restartedMain] org.apache.catalina.core.StandardEngine  : Starting Servlet engine: [Apache Tomcat/9.0.31]
2020-03-31 16:25:00.710  INFO 6060 --- [restartedMain] o.a.c.c.C.[Tomcat].[localhost].[/]       : Initializing Spring embedded WebApplicationContext
2020-03-31 16:25:00.710  INFO 6060 --- [restartedMain] o.s.web.context.ContextLoader            : Root WebApplicationContext: initialization completed in 2841 ms
2020-03-31 16:25:00.961  INFO 6060 --- [restartedMain] c.a.d.s.b.a.DruidDataSourceAutoConfigure : Init DruidDataSource
2020-03-31 16:25:01.246  INFO 6060 --- [restartedMain] com.alibaba.druid.pool.DruidDataSource   : {dataSource-1} inited
2020-03-31 16:25:02.234  INFO 6060 --- [restartedMain] pertySourcedRequestMappingHandlerMapping : Mapped URL path [/v2/api-docs] onto method [springfox.documentation.swagger2.web.Swagger2Controller#getDocumentation(String, HttpServletRequest)]
2020-03-31 16:25:02.394  INFO 6060 --- [restartedMain] o.s.s.concurrent.ThreadPoolTaskExecutor  : Initializing ExecutorService 'applicationTaskExecutor'
2020-03-31 16:25:02.466  INFO 6060 --- [restartedMain] o.s.b.d.a.OptionalLiveReloadServer       : LiveReload server is running on port 35729
2020-03-31 16:25:02.739  INFO 6060 --- [restartedMain] d.s.w.p.DocumentationPluginsBootstrapper : Context refreshed
2020-03-31 16:25:02.779  INFO 6060 --- [restartedMain] d.s.w.p.DocumentationPluginsBootstrapper : Found 1 custom documentation plugin(s)
2020-03-31 16:25:02.819  INFO 6060 --- [restartedMain] s.d.s.w.s.ApiListingReferenceScanner     : Scanning for api listing references
2020-03-31 16:25:03.049  INFO 6060 --- [restartedMain] .d.s.w.r.o.CachingOperationNameGenerator : Generating unique operation named: doRemoveUsingDELETE_1
2020-03-31 16:25:03.052  INFO 6060 --- [restartedMain] .d.s.w.r.o.CachingOperationNameGenerator : Generating unique operation named: doSaveUsingPOST_1
2020-03-31 16:25:03.061  INFO 6060 --- [restartedMain] .d.s.w.r.o.CachingOperationNameGenerator : Generating unique operation named: doQueryAllUsingGET_1
2020-03-31 16:25:03.065  INFO 6060 --- [restartedMain] .d.s.w.r.o.CachingOperationNameGenerator : Generating unique operation named: doQueryByIdUsingGET_1
2020-03-31 16:25:03.070  INFO 6060 --- [restartedMain] .d.s.w.r.o.CachingOperationNameGenerator : Generating unique operation named: doRemoveUsingDELETE_2
2020-03-31 16:25:03.073  INFO 6060 --- [restartedMain] .d.s.w.r.o.CachingOperationNameGenerator : Generating unique operation named: doSaveUsingPOST_2
2020-03-31 16:25:03.077  INFO 6060 --- [restartedMain] .d.s.w.r.o.CachingOperationNameGenerator : Generating unique operation named: doUpdateUsingPUT_1
2020-03-31 16:25:03.128  INFO 6060 --- [restartedMain] o.s.b.w.embedded.tomcat.TomcatWebServer  : Tomcat started on port(s): 8080 (http) with context path ''
2020-03-31 16:25:03.131  INFO 6060 --- [restartedMain] com.lyy.LearingOnlineAdminApplication    : Started LearingOnlineAdminApplication in 5.976 seconds (JVM running for 7.219)
2020-03-31 16:28:01.656  INFO 6060 --- [http-nio-8080-exec-1] o.apache.tomcat.util.http.parser.Cookie  : A cookie header was received [1584886615; _xsrf=2|7aba69bf|b3ca535ccc42191eee0ae5de371c5e91|1585577390; username-localhost-8888="2|1:0|10:1585580120|23:username-localhost-8888|44:MjAzYWIyNjU5YjdiNGU2MWJlNDBmZGI4OTAzYzExMDE=|c788aab9381d111d29baf804295fc378d02b782c485f475ff6d81b7e1d1c5509"] that contained an invalid cookie. That cookie will be ignored.
 Note: further occurrences of this error will be logged at DEBUG level.
2020-03-31 16:28:01.666  INFO 6060 --- [http-nio-8080-exec-1] o.a.c.c.C.[Tomcat].[localhost].[/]       : Initializing Spring DispatcherServlet 'dispatcherServlet'
2020-03-31 16:28:01.667  INFO 6060 --- [http-nio-8080-exec-1] o.s.web.servlet.DispatcherServlet        : Initializing Servlet 'dispatcherServlet'
2020-03-31 16:28:01.676  INFO 6060 --- [http-nio-8080-exec-1] o.s.web.servlet.DispatcherServlet        : Completed initialization in 9 ms
2020-03-31 16:28:01.777  INFO 6060 --- [http-nio-8080-exec-1] com.lyy.log.aspect.MyApiLogAspect        : ===================== 请求内容 =====================
2020-03-31 16:28:01.778  INFO 6060 --- [http-nio-8080-exec-1] com.lyy.log.aspect.MyApiLogAspect        : == 业务发生时间:2020-03-31 04:28:01
2020-03-31 16:28:01.779  INFO 6060 --- [http-nio-8080-exec-1] com.lyy.log.aspect.MyApiLogAspect        : == 请求URL:http://localhost:8080/v1/department/update
2020-03-31 16:28:01.780  INFO 6060 --- [http-nio-8080-exec-1] com.lyy.log.aspect.MyApiLogAspect        : == 请求IP:0:0:0:0:0:0:0:1
2020-03-31 16:28:01.780  INFO 6060 --- [http-nio-8080-exec-1] com.lyy.log.aspect.MyApiLogAspect        : == 请求类:com.lyy.controller.DepartmentController
2020-03-31 16:28:01.781  INFO 6060 --- [http-nio-8080-exec-1] com.lyy.log.aspect.MyApiLogAspect        : == 调用方法:doUpdate
2020-03-31 16:28:01.781  INFO 6060 --- [http-nio-8080-exec-1] com.lyy.log.aspect.MyApiLogAspect        : == 方法参数:[com.lyy.common.CommonRequest]vo 
2020-03-31 16:28:01.781  INFO 6060 --- [http-nio-8080-exec-1] com.lyy.log.aspect.MyApiLogAspect        : == 传入数据:[CommonRequest(head=RequestHead(token=string, businessType=string, equipId=string), body=RequestBody(data=DepartmentQueryVO(id=404882142595301376, name=123)))]
2020-03-31 16:28:01.781  INFO 6060 --- [http-nio-8080-exec-1] com.lyy.log.aspect.MyApiLogAspect        : =====================================================
2020-03-31 16:28:02.033  INFO 6060 --- [http-nio-8080-exec-1] com.lyy.log.aspect.MyApiLogAspect        : ===================== 响应内容 =====================
2020-03-31 16:28:02.033  INFO 6060 --- [http-nio-8080-exec-1] com.lyy.log.aspect.MyApiLogAspect        : == 业务发生时间:2020-03-31 04:28:01
2020-03-31 16:28:02.033  INFO 6060 --- [http-nio-8080-exec-1] com.lyy.log.aspect.MyApiLogAspect        : == 响应耗时:0s
2020-03-31 16:28:02.033  INFO 6060 --- [http-nio-8080-exec-1] com.lyy.log.aspect.MyApiLogAspect        : == 返回内容:CommonResponse(head=ResponseHead(responseCode=200, message=院系信息更新成功), body=ResponseBody(data=院系信息更新成功))
2020-03-31 16:28:02.033  INFO 6060 --- [http-nio-8080-exec-1] com.lyy.log.aspect.MyApiLogAspect        : =====================  响应内容 =====================
2020-03-31 16:28:18.846  INFO 6060 --- [http-nio-8080-exec-2] com.lyy.log.aspect.MyApiLogAspect        : ===================== 请求内容 =====================
2020-03-31 16:28:18.846  INFO 6060 --- [http-nio-8080-exec-2] com.lyy.log.aspect.MyApiLogAspect        : == 业务发生时间:2020-03-31 04:28:18
2020-03-31 16:28:18.846  INFO 6060 --- [http-nio-8080-exec-2] com.lyy.log.aspect.MyApiLogAspect        : == 请求URL:http://localhost:8080/v1/department/query/404882142595301376
2020-03-31 16:28:18.846  INFO 6060 --- [http-nio-8080-exec-2] com.lyy.log.aspect.MyApiLogAspect        : == 请求IP:0:0:0:0:0:0:0:1
2020-03-31 16:28:18.846  INFO 6060 --- [http-nio-8080-exec-2] com.lyy.log.aspect.MyApiLogAspect        : == 请求类:com.lyy.controller.DepartmentController
2020-03-31 16:28:18.846  INFO 6060 --- [http-nio-8080-exec-2] com.lyy.log.aspect.MyApiLogAspect        : == 调用方法:doQueryById
2020-03-31 16:28:18.846  INFO 6060 --- [http-nio-8080-exec-2] com.lyy.log.aspect.MyApiLogAspect        : == 方法参数:[java.lang.String]id 
2020-03-31 16:28:18.846  INFO 6060 --- [http-nio-8080-exec-2] com.lyy.log.aspect.MyApiLogAspect        : == 传入数据:[404882142595301376]
2020-03-31 16:28:18.846  INFO 6060 --- [http-nio-8080-exec-2] com.lyy.log.aspect.MyApiLogAspect        : =====================================================
2020-03-31 16:28:18.884  INFO 6060 --- [http-nio-8080-exec-2] com.lyy.log.aspect.MyApiLogAspect        : ===================== 响应内容 =====================
2020-03-31 16:28:18.885  INFO 6060 --- [http-nio-8080-exec-2] com.lyy.log.aspect.MyApiLogAspect        : == 业务发生时间:2020-03-31 04:28:18
2020-03-31 16:28:18.885  INFO 6060 --- [http-nio-8080-exec-2] com.lyy.log.aspect.MyApiLogAspect        : == 响应耗时:0s
2020-03-31 16:28:18.885  INFO 6060 --- [http-nio-8080-exec-2] com.lyy.log.aspect.MyApiLogAspect        : == 返回内容:CommonResponse(head=ResponseHead(responseCode=200, message=院系信息查询成功), body=ResponseBody(data=DepartmentResponseVO(id=404882142595301376, name=123)))
2020-03-31 16:28:18.885  INFO 6060 --- [http-nio-8080-exec-2] com.lyy.log.aspect.MyApiLogAspect        : =====================  响应内容 =====================
2020-03-31 16:28:30.725  INFO 6060 --- [http-nio-8080-exec-3] com.lyy.log.aspect.MyApiLogAspect        : ===================== 请求内容 =====================
2020-03-31 16:28:30.726  INFO 6060 --- [http-nio-8080-exec-3] com.lyy.log.aspect.MyApiLogAspect        : == 业务发生时间:2020-03-31 04:28:30
2020-03-31 16:28:30.726  INFO 6060 --- [http-nio-8080-exec-3] com.lyy.log.aspect.MyApiLogAspect        : == 请求URL:http://localhost:8080/v1/department/remove
2020-03-31 16:28:30.726  INFO 6060 --- [http-nio-8080-exec-3] com.lyy.log.aspect.MyApiLogAspect        : == 请求IP:0:0:0:0:0:0:0:1
2020-03-31 16:28:30.726  INFO 6060 --- [http-nio-8080-exec-3] com.lyy.log.aspect.MyApiLogAspect        : == 请求类:com.lyy.controller.DepartmentController
2020-03-31 16:28:30.726  INFO 6060 --- [http-nio-8080-exec-3] com.lyy.log.aspect.MyApiLogAspect        : == 调用方法:doRemove
2020-03-31 16:28:30.726  INFO 6060 --- [http-nio-8080-exec-3] com.lyy.log.aspect.MyApiLogAspect        : == 方法参数:[com.lyy.common.CommonRequest]vo 
2020-03-31 16:28:30.726  INFO 6060 --- [http-nio-8080-exec-3] com.lyy.log.aspect.MyApiLogAspect        : == 传入数据:[CommonRequest(head=RequestHead(token=string, businessType=string, equipId=string), body=RequestBody(data=DepartmentQueryVO(id=404882142595301376, name=string)))]
2020-03-31 16:28:30.726  INFO 6060 --- [http-nio-8080-exec-3] com.lyy.log.aspect.MyApiLogAspect        : =====================================================
2020-03-31 16:28:30.731  INFO 6060 --- [http-nio-8080-exec-3] com.lyy.log.aspect.MyApiLogAspect        : ===================== 响应内容 =====================
2020-03-31 16:28:30.731  INFO 6060 --- [http-nio-8080-exec-3] com.lyy.log.aspect.MyApiLogAspect        : == 业务发生时间:2020-03-31 04:28:30
2020-03-31 16:28:30.732  INFO 6060 --- [http-nio-8080-exec-3] com.lyy.log.aspect.MyApiLogAspect        : == 响应耗时:0s
2020-03-31 16:28:30.732  INFO 6060 --- [http-nio-8080-exec-3] com.lyy.log.aspect.MyApiLogAspect        : == 返回内容:CommonResponse(head=ResponseHead(responseCode=200, message=院系信息删除成功), body=ResponseBody(data=院系信息删除成功))
2020-03-31 16:28:30.732  INFO 6060 --- [http-nio-8080-exec-3] com.lyy.log.aspect.MyApiLogAspect        : =====================  响应内容 =====================
2020-03-31 16:28:36.805  INFO 6060 --- [http-nio-8080-exec-4] com.lyy.log.aspect.MyApiLogAspect        : ===================== 请求内容 =====================
2020-03-31 16:28:36.806  INFO 6060 --- [http-nio-8080-exec-4] com.lyy.log.aspect.MyApiLogAspect        : == 业务发生时间:2020-03-31 04:28:36
2020-03-31 16:28:36.806  INFO 6060 --- [http-nio-8080-exec-4] com.lyy.log.aspect.MyApiLogAspect        : == 请求URL:http://localhost:8080/v1/department/query
2020-03-31 16:28:36.806  INFO 6060 --- [http-nio-8080-exec-4] com.lyy.log.aspect.MyApiLogAspect        : == 请求IP:0:0:0:0:0:0:0:1
2020-03-31 16:28:36.806  INFO 6060 --- [http-nio-8080-exec-4] com.lyy.log.aspect.MyApiLogAspect        : == 请求类:com.lyy.controller.DepartmentController
2020-03-31 16:28:36.806  INFO 6060 --- [http-nio-8080-exec-4] com.lyy.log.aspect.MyApiLogAspect        : == 调用方法:doQueryAll
2020-03-31 16:28:36.806  INFO 6060 --- [http-nio-8080-exec-4] com.lyy.log.aspect.MyApiLogAspect        : == 方法参数:
2020-03-31 16:28:36.806  INFO 6060 --- [http-nio-8080-exec-4] com.lyy.log.aspect.MyApiLogAspect        : == 传入数据:[]
2020-03-31 16:28:36.806  INFO 6060 --- [http-nio-8080-exec-4] com.lyy.log.aspect.MyApiLogAspect        : =====================================================
2020-03-31 16:28:36.813  INFO 6060 --- [http-nio-8080-exec-4] com.lyy.log.aspect.MyApiLogAspect        : ===================== 响应内容 =====================
2020-03-31 16:28:36.814  INFO 6060 --- [http-nio-8080-exec-4] com.lyy.log.aspect.MyApiLogAspect        : == 业务发生时间:2020-03-31 04:28:36
2020-03-31 16:28:36.814  INFO 6060 --- [http-nio-8080-exec-4] com.lyy.log.aspect.MyApiLogAspect        : == 响应耗时:0s
2020-03-31 16:28:36.814  INFO 6060 --- [http-nio-8080-exec-4] com.lyy.log.aspect.MyApiLogAspect        : == 返回内容:CommonResponse(head=ResponseHead(responseCode=200, message=院系信息查询成功), body=ResponseBody(data=[]))
2020-03-31 16:28:36.814  INFO 6060 --- [http-nio-8080-exec-4] com.lyy.log.aspect.MyApiLogAspect        : =====================  响应内容 =====================
2020-03-31 22:33:35.005  INFO 14332 --- [restartedMain] com.lyy.LearingOnlineAdminApplication    : Starting LearingOnlineAdminApplication on DESKTOP-F4CCISB with PID 14332 (E:\DevelopProjects\Java_Project\idea_project\lyy\learing-online\learing-online-admin\target\classes started by LGX in E:\DevelopProjects\Java_Project\idea_project\lyy\learing-online)
2020-03-31 22:33:35.007  INFO 14332 --- [restartedMain] com.lyy.LearingOnlineAdminApplication    : No active profile set, falling back to default profiles: default
2020-03-31 22:33:35.072  INFO 14332 --- [restartedMain] o.s.b.devtools.restart.ChangeableUrls    : The Class-Path manifest attribute in D:\Program Files\Maven\repository\com\sun\xml\bind\jaxb-impl\2.2.3-1\jaxb-impl-2.2.3-1.jar referenced one or more files that do not exist: file:/D:/Program%20Files/Maven/repository/com/sun/xml/bind/jaxb-impl/2.2.3-1/jaxb-api.jar,file:/D:/Program%20Files/Maven/repository/com/sun/xml/bind/jaxb-impl/2.2.3-1/activation.jar,file:/D:/Program%20Files/Maven/repository/com/sun/xml/bind/jaxb-impl/2.2.3-1/jsr173_1.0_api.jar,file:/D:/Program%20Files/Maven/repository/com/sun/xml/bind/jaxb-impl/2.2.3-1/jaxb1-impl.jar
2020-03-31 22:33:35.072  INFO 14332 --- [restartedMain] .e.DevToolsPropertyDefaultsPostProcessor : Devtools property defaults active! Set 'spring.devtools.add-properties' to 'false' to disable
2020-03-31 22:33:35.072  INFO 14332 --- [restartedMain] .e.DevToolsPropertyDefaultsPostProcessor : For additional web related logging consider setting the 'logging.level.web' property to 'DEBUG'
2020-03-31 22:33:37.650  INFO 14332 --- [restartedMain] o.s.b.w.embedded.tomcat.TomcatWebServer  : Tomcat initialized with port(s): 8080 (http)
2020-03-31 22:33:37.661  INFO 14332 --- [restartedMain] o.apache.catalina.core.StandardService   : Starting service [Tomcat]
2020-03-31 22:33:37.662  INFO 14332 --- [restartedMain] org.apache.catalina.core.StandardEngine  : Starting Servlet engine: [Apache Tomcat/9.0.31]
2020-03-31 22:33:37.794  INFO 14332 --- [restartedMain] o.a.c.c.C.[Tomcat].[localhost].[/]       : Initializing Spring embedded WebApplicationContext
2020-03-31 22:33:37.795  INFO 14332 --- [restartedMain] o.s.web.context.ContextLoader            : Root WebApplicationContext: initialization completed in 2723 ms
2020-03-31 22:33:38.073  INFO 14332 --- [restartedMain] c.a.d.s.b.a.DruidDataSourceAutoConfigure : Init DruidDataSource
2020-03-31 22:33:38.372  INFO 14332 --- [restartedMain] com.alibaba.druid.pool.DruidDataSource   : {dataSource-1} inited
2020-03-31 22:33:47.268  INFO 14332 --- [restartedMain] pertySourcedRequestMappingHandlerMapping : Mapped URL path [/v2/api-docs] onto method [springfox.documentation.swagger2.web.Swagger2Controller#getDocumentation(String, HttpServletRequest)]
2020-03-31 22:33:47.438  INFO 14332 --- [restartedMain] o.s.s.concurrent.ThreadPoolTaskExecutor  : Initializing ExecutorService 'applicationTaskExecutor'
2020-03-31 22:33:47.517  INFO 14332 --- [restartedMain] o.s.b.d.a.OptionalLiveReloadServer       : LiveReload server is running on port 35729
2020-03-31 22:33:47.785  INFO 14332 --- [restartedMain] d.s.w.p.DocumentationPluginsBootstrapper : Context refreshed
2020-03-31 22:33:47.807  INFO 14332 --- [restartedMain] d.s.w.p.DocumentationPluginsBootstrapper : Found 1 custom documentation plugin(s)
2020-03-31 22:33:47.844  INFO 14332 --- [restartedMain] s.d.s.w.s.ApiListingReferenceScanner     : Scanning for api listing references
2020-03-31 22:33:48.051  INFO 14332 --- [restartedMain] .d.s.w.r.o.CachingOperationNameGenerator : Generating unique operation named: doRemoveUsingDELETE_1
2020-03-31 22:33:48.054  INFO 14332 --- [restartedMain] .d.s.w.r.o.CachingOperationNameGenerator : Generating unique operation named: doSaveUsingPOST_1
2020-03-31 22:33:48.064  INFO 14332 --- [restartedMain] .d.s.w.r.o.CachingOperationNameGenerator : Generating unique operation named: doQueryAllUsingGET_1
2020-03-31 22:33:48.069  INFO 14332 --- [restartedMain] .d.s.w.r.o.CachingOperationNameGenerator : Generating unique operation named: doQueryByIdUsingGET_1
2020-03-31 22:33:48.074  INFO 14332 --- [restartedMain] .d.s.w.r.o.CachingOperationNameGenerator : Generating unique operation named: doRemoveUsingDELETE_2
2020-03-31 22:33:48.077  INFO 14332 --- [restartedMain] .d.s.w.r.o.CachingOperationNameGenerator : Generating unique operation named: doSaveUsingPOST_2
2020-03-31 22:33:48.080  INFO 14332 --- [restartedMain] .d.s.w.r.o.CachingOperationNameGenerator : Generating unique operation named: doUpdateUsingPUT_1
2020-03-31 22:33:48.088  INFO 14332 --- [restartedMain] .d.s.w.r.o.CachingOperationNameGenerator : Generating unique operation named: doQueryAllUsingPOST_1
2020-03-31 22:33:48.095  INFO 14332 --- [restartedMain] .d.s.w.r.o.CachingOperationNameGenerator : Generating unique operation named: doRemoveUsingDELETE_3
2020-03-31 22:33:48.097  INFO 14332 --- [restartedMain] .d.s.w.r.o.CachingOperationNameGenerator : Generating unique operation named: doSaveUsingPOST_3
2020-03-31 22:33:48.099  INFO 14332 --- [restartedMain] .d.s.w.r.o.CachingOperationNameGenerator : Generating unique operation named: doUpdateUsingPUT_2
2020-03-31 22:33:48.144  INFO 14332 --- [restartedMain] o.s.b.w.embedded.tomcat.TomcatWebServer  : Tomcat started on port(s): 8080 (http) with context path ''
2020-03-31 22:33:48.147  INFO 14332 --- [restartedMain] com.lyy.LearingOnlineAdminApplication    : Started LearingOnlineAdminApplication in 13.727 seconds (JVM running for 14.764)
2020-03-31 22:34:24.467  INFO 13140 --- [restartedMain] com.lyy.LearingOnlineAdminApplication    : Starting LearingOnlineAdminApplication on DESKTOP-F4CCISB with PID 13140 (E:\DevelopProjects\Java_Project\idea_project\lyy\learing-online\learing-online-admin\target\classes started by LGX in E:\DevelopProjects\Java_Project\idea_project\lyy\learing-online)
2020-03-31 22:34:24.469  INFO 13140 --- [restartedMain] com.lyy.LearingOnlineAdminApplication    : No active profile set, falling back to default profiles: default
2020-03-31 22:34:24.531  INFO 13140 --- [restartedMain] o.s.b.devtools.restart.ChangeableUrls    : The Class-Path manifest attribute in D:\Program Files\Maven\repository\com\sun\xml\bind\jaxb-impl\2.2.3-1\jaxb-impl-2.2.3-1.jar referenced one or more files that do not exist: file:/D:/Program%20Files/Maven/repository/com/sun/xml/bind/jaxb-impl/2.2.3-1/jaxb-api.jar,file:/D:/Program%20Files/Maven/repository/com/sun/xml/bind/jaxb-impl/2.2.3-1/activation.jar,file:/D:/Program%20Files/Maven/repository/com/sun/xml/bind/jaxb-impl/2.2.3-1/jsr173_1.0_api.jar,file:/D:/Program%20Files/Maven/repository/com/sun/xml/bind/jaxb-impl/2.2.3-1/jaxb1-impl.jar
2020-03-31 22:34:24.531  INFO 13140 --- [restartedMain] .e.DevToolsPropertyDefaultsPostProcessor : Devtools property defaults active! Set 'spring.devtools.add-properties' to 'false' to disable
2020-03-31 22:34:24.531  INFO 13140 --- [restartedMain] .e.DevToolsPropertyDefaultsPostProcessor : For additional web related logging consider setting the 'logging.level.web' property to 'DEBUG'
2020-03-31 22:34:27.080  INFO 13140 --- [restartedMain] o.s.b.w.embedded.tomcat.TomcatWebServer  : Tomcat initialized with port(s): 8080 (http)
2020-03-31 22:34:27.092  INFO 13140 --- [restartedMain] o.apache.catalina.core.StandardService   : Starting service [Tomcat]
2020-03-31 22:34:27.092  INFO 13140 --- [restartedMain] org.apache.catalina.core.StandardEngine  : Starting Servlet engine: [Apache Tomcat/9.0.31]
2020-03-31 22:34:27.220  INFO 13140 --- [restartedMain] o.a.c.c.C.[Tomcat].[localhost].[/]       : Initializing Spring embedded WebApplicationContext
2020-03-31 22:34:27.221  INFO 13140 --- [restartedMain] o.s.web.context.ContextLoader            : Root WebApplicationContext: initialization completed in 2690 ms
2020-03-31 22:34:27.480  INFO 13140 --- [restartedMain] c.a.d.s.b.a.DruidDataSourceAutoConfigure : Init DruidDataSource
2020-03-31 22:34:27.763  INFO 13140 --- [restartedMain] com.alibaba.druid.pool.DruidDataSource   : {dataSource-1} inited
2020-03-31 22:34:29.119  INFO 13140 --- [restartedMain] pertySourcedRequestMappingHandlerMapping : Mapped URL path [/v2/api-docs] onto method [springfox.documentation.swagger2.web.Swagger2Controller#getDocumentation(String, HttpServletRequest)]
2020-03-31 22:34:29.281  INFO 13140 --- [restartedMain] o.s.s.concurrent.ThreadPoolTaskExecutor  : Initializing ExecutorService 'applicationTaskExecutor'
2020-03-31 22:34:29.355  INFO 13140 --- [restartedMain] o.s.b.d.a.OptionalLiveReloadServer       : LiveReload server is running on port 35729
2020-03-31 22:34:29.624  INFO 13140 --- [restartedMain] d.s.w.p.DocumentationPluginsBootstrapper : Context refreshed
2020-03-31 22:34:29.662  INFO 13140 --- [restartedMain] d.s.w.p.DocumentationPluginsBootstrapper : Found 1 custom documentation plugin(s)
2020-03-31 22:34:29.701  INFO 13140 --- [restartedMain] s.d.s.w.s.ApiListingReferenceScanner     : Scanning for api listing references
2020-03-31 22:34:29.909  INFO 13140 --- [restartedMain] .d.s.w.r.o.CachingOperationNameGenerator : Generating unique operation named: doRemoveUsingDELETE_1
2020-03-31 22:34:29.912  INFO 13140 --- [restartedMain] .d.s.w.r.o.CachingOperationNameGenerator : Generating unique operation named: doSaveUsingPOST_1
2020-03-31 22:34:29.922  INFO 13140 --- [restartedMain] .d.s.w.r.o.CachingOperationNameGenerator : Generating unique operation named: doQueryAllUsingGET_1
2020-03-31 22:34:29.926  INFO 13140 --- [restartedMain] .d.s.w.r.o.CachingOperationNameGenerator : Generating unique operation named: doQueryByIdUsingGET_1
2020-03-31 22:34:29.931  INFO 13140 --- [restartedMain] .d.s.w.r.o.CachingOperationNameGenerator : Generating unique operation named: doRemoveUsingDELETE_2
2020-03-31 22:34:29.933  INFO 13140 --- [restartedMain] .d.s.w.r.o.CachingOperationNameGenerator : Generating unique operation named: doSaveUsingPOST_2
2020-03-31 22:34:29.936  INFO 13140 --- [restartedMain] .d.s.w.r.o.CachingOperationNameGenerator : Generating unique operation named: doUpdateUsingPUT_1
2020-03-31 22:34:29.944  INFO 13140 --- [restartedMain] .d.s.w.r.o.CachingOperationNameGenerator : Generating unique operation named: doQueryAllUsingPOST_1
2020-03-31 22:34:29.952  INFO 13140 --- [restartedMain] .d.s.w.r.o.CachingOperationNameGenerator : Generating unique operation named: doRemoveUsingDELETE_3
2020-03-31 22:34:29.955  INFO 13140 --- [restartedMain] .d.s.w.r.o.CachingOperationNameGenerator : Generating unique operation named: doSaveUsingPOST_3
2020-03-31 22:34:29.957  INFO 13140 --- [restartedMain] .d.s.w.r.o.CachingOperationNameGenerator : Generating unique operation named: doUpdateUsingPUT_2
2020-03-31 22:34:30.002  INFO 13140 --- [restartedMain] o.s.b.w.embedded.tomcat.TomcatWebServer  : Tomcat started on port(s): 8080 (http) with context path ''
2020-03-31 22:34:30.005  INFO 13140 --- [restartedMain] com.lyy.LearingOnlineAdminApplication    : Started LearingOnlineAdminApplication in 6.14 seconds (JVM running for 7.411)
2020-03-31 22:35:03.566  INFO 12912 --- [restartedMain] com.lyy.LearingOnlineAdminApplication    : Starting LearingOnlineAdminApplication on DESKTOP-F4CCISB with PID 12912 (E:\DevelopProjects\Java_Project\idea_project\lyy\learing-online\learing-online-admin\target\classes started by LGX in E:\DevelopProjects\Java_Project\idea_project\lyy\learing-online)
2020-03-31 22:35:03.576  INFO 12912 --- [restartedMain] com.lyy.LearingOnlineAdminApplication    : No active profile set, falling back to default profiles: default
2020-03-31 22:35:03.635  INFO 12912 --- [restartedMain] o.s.b.devtools.restart.ChangeableUrls    : The Class-Path manifest attribute in D:\Program Files\Maven\repository\com\sun\xml\bind\jaxb-impl\2.2.3-1\jaxb-impl-2.2.3-1.jar referenced one or more files that do not exist: file:/D:/Program%20Files/Maven/repository/com/sun/xml/bind/jaxb-impl/2.2.3-1/jaxb-api.jar,file:/D:/Program%20Files/Maven/repository/com/sun/xml/bind/jaxb-impl/2.2.3-1/activation.jar,file:/D:/Program%20Files/Maven/repository/com/sun/xml/bind/jaxb-impl/2.2.3-1/jsr173_1.0_api.jar,file:/D:/Program%20Files/Maven/repository/com/sun/xml/bind/jaxb-impl/2.2.3-1/jaxb1-impl.jar
2020-03-31 22:35:03.636  INFO 12912 --- [restartedMain] .e.DevToolsPropertyDefaultsPostProcessor : Devtools property defaults active! Set 'spring.devtools.add-properties' to 'false' to disable
2020-03-31 22:35:03.636  INFO 12912 --- [restartedMain] .e.DevToolsPropertyDefaultsPostProcessor : For additional web related logging consider setting the 'logging.level.web' property to 'DEBUG'
2020-03-31 22:35:05.798  INFO 12912 --- [restartedMain] o.s.b.w.embedded.tomcat.TomcatWebServer  : Tomcat initialized with port(s): 8080 (http)
2020-03-31 22:35:05.811  INFO 12912 --- [restartedMain] o.apache.catalina.core.StandardService   : Starting service [Tomcat]
2020-03-31 22:35:05.811  INFO 12912 --- [restartedMain] org.apache.catalina.core.StandardEngine  : Starting Servlet engine: [Apache Tomcat/9.0.31]
2020-03-31 22:35:05.942  INFO 12912 --- [restartedMain] o.a.c.c.C.[Tomcat].[localhost].[/]       : Initializing Spring embedded WebApplicationContext
2020-03-31 22:35:05.942  INFO 12912 --- [restartedMain] o.s.web.context.ContextLoader            : Root WebApplicationContext: initialization completed in 2306 ms
2020-03-31 22:35:06.206  INFO 12912 --- [restartedMain] c.a.d.s.b.a.DruidDataSourceAutoConfigure : Init DruidDataSource
2020-03-31 22:35:06.518  INFO 12912 --- [restartedMain] com.alibaba.druid.pool.DruidDataSource   : {dataSource-1} inited
2020-03-31 22:35:08.027  INFO 12912 --- [restartedMain] pertySourcedRequestMappingHandlerMapping : Mapped URL path [/v2/api-docs] onto method [springfox.documentation.swagger2.web.Swagger2Controller#getDocumentation(String, HttpServletRequest)]
2020-03-31 22:35:08.198  INFO 12912 --- [restartedMain] o.s.s.concurrent.ThreadPoolTaskExecutor  : Initializing ExecutorService 'applicationTaskExecutor'
2020-03-31 22:35:08.269  INFO 12912 --- [restartedMain] o.s.b.d.a.OptionalLiveReloadServer       : LiveReload server is running on port 35729
2020-03-31 22:35:08.559  INFO 12912 --- [restartedMain] d.s.w.p.DocumentationPluginsBootstrapper : Context refreshed
2020-03-31 22:35:08.580  INFO 12912 --- [restartedMain] d.s.w.p.DocumentationPluginsBootstrapper : Found 1 custom documentation plugin(s)
2020-03-31 22:35:08.621  INFO 12912 --- [restartedMain] s.d.s.w.s.ApiListingReferenceScanner     : Scanning for api listing references
2020-03-31 22:35:08.826  INFO 12912 --- [restartedMain] .d.s.w.r.o.CachingOperationNameGenerator : Generating unique operation named: doRemoveUsingDELETE_1
2020-03-31 22:35:08.830  INFO 12912 --- [restartedMain] .d.s.w.r.o.CachingOperationNameGenerator : Generating unique operation named: doSaveUsingPOST_1
2020-03-31 22:35:08.843  INFO 12912 --- [restartedMain] .d.s.w.r.o.CachingOperationNameGenerator : Generating unique operation named: doQueryAllUsingGET_1
2020-03-31 22:35:08.848  INFO 12912 --- [restartedMain] .d.s.w.r.o.CachingOperationNameGenerator : Generating unique operation named: doQueryByIdUsingGET_1
2020-03-31 22:35:08.853  INFO 12912 --- [restartedMain] .d.s.w.r.o.CachingOperationNameGenerator : Generating unique operation named: doRemoveUsingDELETE_2
2020-03-31 22:35:08.856  INFO 12912 --- [restartedMain] .d.s.w.r.o.CachingOperationNameGenerator : Generating unique operation named: doSaveUsingPOST_2
2020-03-31 22:35:08.859  INFO 12912 --- [restartedMain] .d.s.w.r.o.CachingOperationNameGenerator : Generating unique operation named: doUpdateUsingPUT_1
2020-03-31 22:35:08.867  INFO 12912 --- [restartedMain] .d.s.w.r.o.CachingOperationNameGenerator : Generating unique operation named: doQueryAllUsingPOST_1
2020-03-31 22:35:08.873  INFO 12912 --- [restartedMain] .d.s.w.r.o.CachingOperationNameGenerator : Generating unique operation named: doRemoveUsingDELETE_3
2020-03-31 22:35:08.876  INFO 12912 --- [restartedMain] .d.s.w.r.o.CachingOperationNameGenerator : Generating unique operation named: doSaveUsingPOST_3
2020-03-31 22:35:08.877  INFO 12912 --- [restartedMain] .d.s.w.r.o.CachingOperationNameGenerator : Generating unique operation named: doUpdateUsingPUT_2
2020-03-31 22:35:08.921  INFO 12912 --- [restartedMain] o.s.b.w.embedded.tomcat.TomcatWebServer  : Tomcat started on port(s): 8080 (http) with context path ''
2020-03-31 22:35:08.924  INFO 12912 --- [restartedMain] com.lyy.LearingOnlineAdminApplication    : Started LearingOnlineAdminApplication in 6.358 seconds (JVM running for 7.43)
2020-03-31 22:35:15.281  INFO 12912 --- [http-nio-8080-exec-1] o.apache.tomcat.util.http.parser.Cookie  : A cookie header was received [1584886615; _xsrf=2|7aba69bf|b3ca535ccc42191eee0ae5de371c5e91|1585577390; username-localhost-8888="2|1:0|10:1585580120|23:username-localhost-8888|44:MjAzYWIyNjU5YjdiNGU2MWJlNDBmZGI4OTAzYzExMDE=|c788aab9381d111d29baf804295fc378d02b782c485f475ff6d81b7e1d1c5509"] that contained an invalid cookie. That cookie will be ignored.
 Note: further occurrences of this error will be logged at DEBUG level.
2020-03-31 22:35:15.291  INFO 12912 --- [http-nio-8080-exec-1] o.a.c.c.C.[Tomcat].[localhost].[/]       : Initializing Spring DispatcherServlet 'dispatcherServlet'
2020-03-31 22:35:15.291  INFO 12912 --- [http-nio-8080-exec-1] o.s.web.servlet.DispatcherServlet        : Initializing Servlet 'dispatcherServlet'
2020-03-31 22:35:15.302  INFO 12912 --- [http-nio-8080-exec-1] o.s.web.servlet.DispatcherServlet        : Completed initialization in 11 ms
2020-03-31 22:35:57.757  INFO 12912 --- [http-nio-8080-exec-9] com.lyy.log.aspect.MyApiLogAspect        : ===================== 请求内容 =====================
2020-03-31 22:35:57.758  INFO 12912 --- [http-nio-8080-exec-9] com.lyy.log.aspect.MyApiLogAspect        : == 业务发生时间:2020-03-31 10:35:57
2020-03-31 22:35:57.759  INFO 12912 --- [http-nio-8080-exec-9] com.lyy.log.aspect.MyApiLogAspect        : == 请求URL:http://localhost:8080/v1/specialty/save
2020-03-31 22:35:57.759  INFO 12912 --- [http-nio-8080-exec-9] com.lyy.log.aspect.MyApiLogAspect        : == 请求IP:0:0:0:0:0:0:0:1
2020-03-31 22:35:57.759  INFO 12912 --- [http-nio-8080-exec-9] com.lyy.log.aspect.MyApiLogAspect        : == 请求类:com.lyy.controller.SpecialtyController
2020-03-31 22:35:57.760  INFO 12912 --- [http-nio-8080-exec-9] com.lyy.log.aspect.MyApiLogAspect        : == 调用方法:doSave
2020-03-31 22:35:57.760  INFO 12912 --- [http-nio-8080-exec-9] com.lyy.log.aspect.MyApiLogAspect        : == 方法参数:[com.lyy.common.CommonRequest]vo 
2020-03-31 22:35:57.760  INFO 12912 --- [http-nio-8080-exec-9] com.lyy.log.aspect.MyApiLogAspect        : == 传入数据:[CommonRequest(head=RequestHead(token=string, businessType=string, equipId=string), body=RequestBody(data=SpecialtyQueryVO(id=string, depId=404882142595301376, name=网络工程, state=string, size=0, currentPage=0)))]
2020-03-31 22:35:57.760  INFO 12912 --- [http-nio-8080-exec-9] com.lyy.log.aspect.MyApiLogAspect        : =====================================================
2020-03-31 22:35:57.892  INFO 12912 --- [http-nio-8080-exec-9] com.lyy.log.aspect.MyApiLogAspect        : ===================== 响应内容 =====================
2020-03-31 22:35:57.893  INFO 12912 --- [http-nio-8080-exec-9] com.lyy.log.aspect.MyApiLogAspect        : == 业务发生时间:2020-03-31 10:35:57
2020-03-31 22:35:57.893  INFO 12912 --- [http-nio-8080-exec-9] com.lyy.log.aspect.MyApiLogAspect        : == 响应耗时:0s
2020-03-31 22:35:57.893  INFO 12912 --- [http-nio-8080-exec-9] com.lyy.log.aspect.MyApiLogAspect        : == 返回内容:CommonResponse(head=ResponseHead(responseCode=200, message=专业信息添加成功), body=ResponseBody(data=专业信息添加成功))
2020-03-31 22:35:57.893  INFO 12912 --- [http-nio-8080-exec-9] com.lyy.log.aspect.MyApiLogAspect        : ===================================================
2020-03-31 22:36:13.112  INFO 12912 --- [http-nio-8080-exec-3] com.lyy.log.aspect.MyApiLogAspect        : ===================== 请求内容 =====================
2020-03-31 22:36:13.113  INFO 12912 --- [http-nio-8080-exec-3] com.lyy.log.aspect.MyApiLogAspect        : == 业务发生时间:2020-03-31 10:36:13
2020-03-31 22:36:13.113  INFO 12912 --- [http-nio-8080-exec-3] com.lyy.log.aspect.MyApiLogAspect        : == 请求URL:http://localhost:8080/v1/specialty/query
2020-03-31 22:36:13.113  INFO 12912 --- [http-nio-8080-exec-3] com.lyy.log.aspect.MyApiLogAspect        : == 请求IP:0:0:0:0:0:0:0:1
2020-03-31 22:36:13.113  INFO 12912 --- [http-nio-8080-exec-3] com.lyy.log.aspect.MyApiLogAspect        : == 请求类:com.lyy.controller.SpecialtyController
2020-03-31 22:36:13.113  INFO 12912 --- [http-nio-8080-exec-3] com.lyy.log.aspect.MyApiLogAspect        : == 调用方法:doQueryAll
2020-03-31 22:36:13.113  INFO 12912 --- [http-nio-8080-exec-3] com.lyy.log.aspect.MyApiLogAspect        : == 方法参数:[com.lyy.common.CommonRequest]vo 
2020-03-31 22:36:13.113  INFO 12912 --- [http-nio-8080-exec-3] com.lyy.log.aspect.MyApiLogAspect        : == 传入数据:[CommonRequest(head=RequestHead(token=string, businessType=string, equipId=string), body=RequestBody(data=AdminAnnouncementQueryVo(id=string, title=string, content=string, time=Tue Mar 31 22:36:02 CST 2020, size=10, currentPage=0)))]
2020-03-31 22:36:13.113  INFO 12912 --- [http-nio-8080-exec-3] com.lyy.log.aspect.MyApiLogAspect        : =====================================================
2020-03-31 22:36:13.341  INFO 12912 --- [http-nio-8080-exec-3] com.lyy.log.aspect.MyApiLogAspect        : ===================== 响应内容 =====================
2020-03-31 22:36:13.341  INFO 12912 --- [http-nio-8080-exec-3] com.lyy.log.aspect.MyApiLogAspect        : == 业务发生时间:2020-03-31 10:36:13
2020-03-31 22:36:13.341  INFO 12912 --- [http-nio-8080-exec-3] com.lyy.log.aspect.MyApiLogAspect        : == 响应耗时:0s
2020-03-31 22:36:13.341  INFO 12912 --- [http-nio-8080-exec-3] com.lyy.log.aspect.MyApiLogAspect        : == 返回内容:CommonResponse(head=ResponseHead(responseCode=200, message=管理员公告信息查找成功), body=ResponseBody(data=SpecialtyResponseVO(id=string, depId=null, name=null, state=null, size=10, currentPage=0, pageInfo=PageInfo{pageNum=0, pageSize=10, size=1, startRow=1, endRow=1, total=1, pages=1, list=Page{count=true, pageNum=0, pageSize=10, startRow=0, endRow=0, total=1, pages=1, reasonable=false, pageSizeZero=false}, prePage=0, nextPage=1, isFirstPage=false, isLastPage=false, hasPreviousPage=false, hasNextPage=true, navigatePages=8, navigateFirstPage=1, navigateLastPage=1, navigatepageNums=[1]})))
2020-03-31 22:36:13.341  INFO 12912 --- [http-nio-8080-exec-3] com.lyy.log.aspect.MyApiLogAspect        : ===================================================
2020-03-31 22:37:41.413  INFO 9424 --- [restartedMain] com.lyy.LearingOnlineAdminApplication    : Starting LearingOnlineAdminApplication on DESKTOP-F4CCISB with PID 9424 (E:\DevelopProjects\Java_Project\idea_project\lyy\learing-online\learing-online-admin\target\classes started by LGX in E:\DevelopProjects\Java_Project\idea_project\lyy\learing-online)
2020-03-31 22:37:41.415  INFO 9424 --- [restartedMain] com.lyy.LearingOnlineAdminApplication    : No active profile set, falling back to default profiles: default
2020-03-31 22:37:41.478  INFO 9424 --- [restartedMain] o.s.b.devtools.restart.ChangeableUrls    : The Class-Path manifest attribute in D:\Program Files\Maven\repository\com\sun\xml\bind\jaxb-impl\2.2.3-1\jaxb-impl-2.2.3-1.jar referenced one or more files that do not exist: file:/D:/Program%20Files/Maven/repository/com/sun/xml/bind/jaxb-impl/2.2.3-1/jaxb-api.jar,file:/D:/Program%20Files/Maven/repository/com/sun/xml/bind/jaxb-impl/2.2.3-1/activation.jar,file:/D:/Program%20Files/Maven/repository/com/sun/xml/bind/jaxb-impl/2.2.3-1/jsr173_1.0_api.jar,file:/D:/Program%20Files/Maven/repository/com/sun/xml/bind/jaxb-impl/2.2.3-1/jaxb1-impl.jar
2020-03-31 22:37:41.478  INFO 9424 --- [restartedMain] .e.DevToolsPropertyDefaultsPostProcessor : Devtools property defaults active! Set 'spring.devtools.add-properties' to 'false' to disable
2020-03-31 22:37:41.478  INFO 9424 --- [restartedMain] .e.DevToolsPropertyDefaultsPostProcessor : For additional web related logging consider setting the 'logging.level.web' property to 'DEBUG'
2020-03-31 22:37:44.010  INFO 9424 --- [restartedMain] o.s.b.w.embedded.tomcat.TomcatWebServer  : Tomcat initialized with port(s): 8080 (http)
2020-03-31 22:37:44.021  INFO 9424 --- [restartedMain] o.apache.catalina.core.StandardService   : Starting service [Tomcat]
2020-03-31 22:37:44.021  INFO 9424 --- [restartedMain] org.apache.catalina.core.StandardEngine  : Starting Servlet engine: [Apache Tomcat/9.0.31]
2020-03-31 22:37:44.153  INFO 9424 --- [restartedMain] o.a.c.c.C.[Tomcat].[localhost].[/]       : Initializing Spring embedded WebApplicationContext
2020-03-31 22:37:44.154  INFO 9424 --- [restartedMain] o.s.web.context.ContextLoader            : Root WebApplicationContext: initialization completed in 2676 ms
2020-03-31 22:37:44.410  INFO 9424 --- [restartedMain] c.a.d.s.b.a.DruidDataSourceAutoConfigure : Init DruidDataSource
2020-03-31 22:37:44.710  INFO 9424 --- [restartedMain] com.alibaba.druid.pool.DruidDataSource   : {dataSource-1} inited
2020-03-31 22:37:50.094  INFO 9424 --- [restartedMain] pertySourcedRequestMappingHandlerMapping : Mapped URL path [/v2/api-docs] onto method [springfox.documentation.swagger2.web.Swagger2Controller#getDocumentation(String, HttpServletRequest)]
2020-03-31 22:37:50.252  INFO 9424 --- [restartedMain] o.s.s.concurrent.ThreadPoolTaskExecutor  : Initializing ExecutorService 'applicationTaskExecutor'
2020-03-31 22:37:50.323  INFO 9424 --- [restartedMain] o.s.b.d.a.OptionalLiveReloadServer       : LiveReload server is running on port 35729
2020-03-31 22:37:50.591  INFO 9424 --- [restartedMain] d.s.w.p.DocumentationPluginsBootstrapper : Context refreshed
2020-03-31 22:37:50.611  INFO 9424 --- [restartedMain] d.s.w.p.DocumentationPluginsBootstrapper : Found 1 custom documentation plugin(s)
2020-03-31 22:37:50.651  INFO 9424 --- [restartedMain] s.d.s.w.s.ApiListingReferenceScanner     : Scanning for api listing references
2020-03-31 22:37:50.849  INFO 9424 --- [restartedMain] .d.s.w.r.o.CachingOperationNameGenerator : Generating unique operation named: doRemoveUsingDELETE_1
2020-03-31 22:37:50.852  INFO 9424 --- [restartedMain] .d.s.w.r.o.CachingOperationNameGenerator : Generating unique operation named: doSaveUsingPOST_1
2020-03-31 22:37:50.861  INFO 9424 --- [restartedMain] .d.s.w.r.o.CachingOperationNameGenerator : Generating unique operation named: doQueryAllUsingGET_1
2020-03-31 22:37:50.865  INFO 9424 --- [restartedMain] .d.s.w.r.o.CachingOperationNameGenerator : Generating unique operation named: doQueryByIdUsingGET_1
2020-03-31 22:37:50.870  INFO 9424 --- [restartedMain] .d.s.w.r.o.CachingOperationNameGenerator : Generating unique operation named: doRemoveUsingDELETE_2
2020-03-31 22:37:50.872  INFO 9424 --- [restartedMain] .d.s.w.r.o.CachingOperationNameGenerator : Generating unique operation named: doSaveUsingPOST_2
2020-03-31 22:37:50.875  INFO 9424 --- [restartedMain] .d.s.w.r.o.CachingOperationNameGenerator : Generating unique operation named: doUpdateUsingPUT_1
2020-03-31 22:37:50.883  INFO 9424 --- [restartedMain] .d.s.w.r.o.CachingOperationNameGenerator : Generating unique operation named: doQueryAllUsingPOST_1
2020-03-31 22:37:50.889  INFO 9424 --- [restartedMain] .d.s.w.r.o.CachingOperationNameGenerator : Generating unique operation named: doRemoveUsingDELETE_3
2020-03-31 22:37:50.892  INFO 9424 --- [restartedMain] .d.s.w.r.o.CachingOperationNameGenerator : Generating unique operation named: doSaveUsingPOST_3
2020-03-31 22:37:50.893  INFO 9424 --- [restartedMain] .d.s.w.r.o.CachingOperationNameGenerator : Generating unique operation named: doUpdateUsingPUT_2
2020-03-31 22:37:50.938  INFO 9424 --- [restartedMain] o.s.b.w.embedded.tomcat.TomcatWebServer  : Tomcat started on port(s): 8080 (http) with context path ''
2020-03-31 22:37:50.941  INFO 9424 --- [restartedMain] com.lyy.LearingOnlineAdminApplication    : Started LearingOnlineAdminApplication in 10.046 seconds (JVM running for 11.13)
2020-03-31 22:38:00.174  INFO 9424 --- [http-nio-8080-exec-1] o.apache.tomcat.util.http.parser.Cookie  : A cookie header was received [1584886615; _xsrf=2|7aba69bf|b3ca535ccc42191eee0ae5de371c5e91|1585577390; username-localhost-8888="2|1:0|10:1585580120|23:username-localhost-8888|44:MjAzYWIyNjU5YjdiNGU2MWJlNDBmZGI4OTAzYzExMDE=|c788aab9381d111d29baf804295fc378d02b782c485f475ff6d81b7e1d1c5509"] that contained an invalid cookie. That cookie will be ignored.
 Note: further occurrences of this error will be logged at DEBUG level.
2020-03-31 22:38:00.185  INFO 9424 --- [http-nio-8080-exec-1] o.a.c.c.C.[Tomcat].[localhost].[/]       : Initializing Spring DispatcherServlet 'dispatcherServlet'
2020-03-31 22:38:00.185  INFO 9424 --- [http-nio-8080-exec-1] o.s.web.servlet.DispatcherServlet        : Initializing Servlet 'dispatcherServlet'
2020-03-31 22:38:00.197  INFO 9424 --- [http-nio-8080-exec-1] o.s.web.servlet.DispatcherServlet        : Completed initialization in 11 ms
2020-03-31 22:38:00.303  INFO 9424 --- [http-nio-8080-exec-1] com.lyy.log.aspect.MyApiLogAspect        : ===================== 请求内容 =====================
2020-03-31 22:38:00.304  INFO 9424 --- [http-nio-8080-exec-1] com.lyy.log.aspect.MyApiLogAspect        : == 业务发生时间:2020-03-31 10:38:00
2020-03-31 22:38:00.304  INFO 9424 --- [http-nio-8080-exec-1] com.lyy.log.aspect.MyApiLogAspect        : == 请求URL:http://localhost:8080/v1/specialty/query
2020-03-31 22:38:00.305  INFO 9424 --- [http-nio-8080-exec-1] com.lyy.log.aspect.MyApiLogAspect        : == 请求IP:0:0:0:0:0:0:0:1
2020-03-31 22:38:00.305  INFO 9424 --- [http-nio-8080-exec-1] com.lyy.log.aspect.MyApiLogAspect        : == 请求类:com.lyy.controller.SpecialtyController
2020-03-31 22:38:00.305  INFO 9424 --- [http-nio-8080-exec-1] com.lyy.log.aspect.MyApiLogAspect        : == 调用方法:doQueryAll
2020-03-31 22:38:00.305  INFO 9424 --- [http-nio-8080-exec-1] com.lyy.log.aspect.MyApiLogAspect        : == 方法参数:[com.lyy.common.CommonRequest]vo 
2020-03-31 22:38:00.306  INFO 9424 --- [http-nio-8080-exec-1] com.lyy.log.aspect.MyApiLogAspect        : == 传入数据:[CommonRequest(head=RequestHead(token=string, businessType=string, equipId=string), body=RequestBody(data=AdminAnnouncementQueryVo(id=string, title=string, content=string, time=Tue Mar 31 22:36:02 CST 2020, size=10, currentPage=0)))]
2020-03-31 22:38:00.306  INFO 9424 --- [http-nio-8080-exec-1] com.lyy.log.aspect.MyApiLogAspect        : =====================================================
2020-03-31 22:38:00.523  INFO 9424 --- [http-nio-8080-exec-1] com.lyy.log.aspect.MyApiLogAspect        : ===================== 响应内容 =====================
2020-03-31 22:38:00.524  INFO 9424 --- [http-nio-8080-exec-1] com.lyy.log.aspect.MyApiLogAspect        : == 业务发生时间:2020-03-31 10:38:00
2020-03-31 22:38:00.524  INFO 9424 --- [http-nio-8080-exec-1] com.lyy.log.aspect.MyApiLogAspect        : == 响应耗时:0s
2020-03-31 22:38:00.524  INFO 9424 --- [http-nio-8080-exec-1] com.lyy.log.aspect.MyApiLogAspect        : == 返回内容:CommonResponse(head=ResponseHead(responseCode=200, message=管理员公告信息查找成功), body=ResponseBody(data=SpecialtyResponseVO(id=string, depId=null, name=null, state=null, size=10, currentPage=0, pageInfo=PageInfo{pageNum=0, pageSize=10, size=1, startRow=1, endRow=1, total=1, pages=1, list=Page{count=true, pageNum=0, pageSize=10, startRow=0, endRow=0, total=1, pages=1, reasonable=false, pageSizeZero=false}, prePage=0, nextPage=1, isFirstPage=false, isLastPage=false, hasPreviousPage=false, hasNextPage=true, navigatePages=8, navigateFirstPage=1, navigateLastPage=1, navigatepageNums=[1]})))
2020-03-31 22:38:00.524  INFO 9424 --- [http-nio-8080-exec-1] com.lyy.log.aspect.MyApiLogAspect        : ===================================================
2020-03-31 22:38:21.383  INFO 9424 --- [http-nio-8080-exec-2] com.lyy.log.aspect.MyApiLogAspect        : ===================== 请求内容 =====================
2020-03-31 22:38:21.383  INFO 9424 --- [http-nio-8080-exec-2] com.lyy.log.aspect.MyApiLogAspect        : == 业务发生时间:2020-03-31 10:38:21
2020-03-31 22:38:21.384  INFO 9424 --- [http-nio-8080-exec-2] com.lyy.log.aspect.MyApiLogAspect        : == 请求URL:http://localhost:8080/v1/specialty/save
2020-03-31 22:38:21.384  INFO 9424 --- [http-nio-8080-exec-2] com.lyy.log.aspect.MyApiLogAspect        : == 请求IP:0:0:0:0:0:0:0:1
2020-03-31 22:38:21.384  INFO 9424 --- [http-nio-8080-exec-2] com.lyy.log.aspect.MyApiLogAspect        : == 请求类:com.lyy.controller.SpecialtyController
2020-03-31 22:38:21.384  INFO 9424 --- [http-nio-8080-exec-2] com.lyy.log.aspect.MyApiLogAspect        : == 调用方法:doSave
2020-03-31 22:38:21.384  INFO 9424 --- [http-nio-8080-exec-2] com.lyy.log.aspect.MyApiLogAspect        : == 方法参数:[com.lyy.common.CommonRequest]vo 
2020-03-31 22:38:21.384  INFO 9424 --- [http-nio-8080-exec-2] com.lyy.log.aspect.MyApiLogAspect        : == 传入数据:[CommonRequest(head=RequestHead(token=string, businessType=string, equipId=string), body=RequestBody(data=SpecialtyQueryVO(id=string, depId=404882142595301376, name=软件工程, state=string, size=0, currentPage=0)))]
2020-03-31 22:38:21.384  INFO 9424 --- [http-nio-8080-exec-2] com.lyy.log.aspect.MyApiLogAspect        : =====================================================
2020-03-31 22:38:21.406  INFO 9424 --- [http-nio-8080-exec-2] com.lyy.log.aspect.MyApiLogAspect        : ===================== 响应内容 =====================
2020-03-31 22:38:21.406  INFO 9424 --- [http-nio-8080-exec-2] com.lyy.log.aspect.MyApiLogAspect        : == 业务发生时间:2020-03-31 10:38:21
2020-03-31 22:38:21.406  INFO 9424 --- [http-nio-8080-exec-2] com.lyy.log.aspect.MyApiLogAspect        : == 响应耗时:0s
2020-03-31 22:38:21.406  INFO 9424 --- [http-nio-8080-exec-2] com.lyy.log.aspect.MyApiLogAspect        : == 返回内容:CommonResponse(head=ResponseHead(responseCode=200, message=专业信息添加成功), body=ResponseBody(data=专业信息添加成功))
2020-03-31 22:38:21.406  INFO 9424 --- [http-nio-8080-exec-2] com.lyy.log.aspect.MyApiLogAspect        : ===================================================
2020-03-31 22:38:26.698  INFO 9424 --- [http-nio-8080-exec-3] com.lyy.log.aspect.MyApiLogAspect        : ===================== 请求内容 =====================
2020-03-31 22:38:26.699  INFO 9424 --- [http-nio-8080-exec-3] com.lyy.log.aspect.MyApiLogAspect        : == 业务发生时间:2020-03-31 10:38:26
2020-03-31 22:38:26.699  INFO 9424 --- [http-nio-8080-exec-3] com.lyy.log.aspect.MyApiLogAspect        : == 请求URL:http://localhost:8080/v1/specialty/query
2020-03-31 22:38:26.699  INFO 9424 --- [http-nio-8080-exec-3] com.lyy.log.aspect.MyApiLogAspect        : == 请求IP:0:0:0:0:0:0:0:1
2020-03-31 22:38:26.699  INFO 9424 --- [http-nio-8080-exec-3] com.lyy.log.aspect.MyApiLogAspect        : == 请求类:com.lyy.controller.SpecialtyController
2020-03-31 22:38:26.699  INFO 9424 --- [http-nio-8080-exec-3] com.lyy.log.aspect.MyApiLogAspect        : == 调用方法:doQueryAll
2020-03-31 22:38:26.699  INFO 9424 --- [http-nio-8080-exec-3] com.lyy.log.aspect.MyApiLogAspect        : == 方法参数:[com.lyy.common.CommonRequest]vo 
2020-03-31 22:38:26.699  INFO 9424 --- [http-nio-8080-exec-3] com.lyy.log.aspect.MyApiLogAspect        : == 传入数据:[CommonRequest(head=RequestHead(token=string, businessType=string, equipId=string), body=RequestBody(data=AdminAnnouncementQueryVo(id=string, title=string, content=string, time=Tue Mar 31 22:36:02 CST 2020, size=10, currentPage=0)))]
2020-03-31 22:38:26.699  INFO 9424 --- [http-nio-8080-exec-3] com.lyy.log.aspect.MyApiLogAspect        : =====================================================
2020-03-31 22:38:26.707  INFO 9424 --- [http-nio-8080-exec-3] com.lyy.log.aspect.MyApiLogAspect        : ===================== 响应内容 =====================
2020-03-31 22:38:26.707  INFO 9424 --- [http-nio-8080-exec-3] com.lyy.log.aspect.MyApiLogAspect        : == 业务发生时间:2020-03-31 10:38:26
2020-03-31 22:38:26.707  INFO 9424 --- [http-nio-8080-exec-3] com.lyy.log.aspect.MyApiLogAspect        : == 响应耗时:0s
2020-03-31 22:38:26.707  INFO 9424 --- [http-nio-8080-exec-3] com.lyy.log.aspect.MyApiLogAspect        : == 返回内容:CommonResponse(head=ResponseHead(responseCode=200, message=管理员公告信息查找成功), body=ResponseBody(data=SpecialtyResponseVO(id=string, depId=null, name=null, state=null, size=10, currentPage=0, pageInfo=PageInfo{pageNum=0, pageSize=10, size=2, startRow=1, endRow=2, total=2, pages=1, list=Page{count=true, pageNum=0, pageSize=10, startRow=0, endRow=0, total=2, pages=1, reasonable=false, pageSizeZero=false}, prePage=0, nextPage=1, isFirstPage=false, isLastPage=false, hasPreviousPage=false, hasNextPage=true, navigatePages=8, navigateFirstPage=1, navigateLastPage=1, navigatepageNums=[1]})))
2020-03-31 22:38:26.707  INFO 9424 --- [http-nio-8080-exec-3] com.lyy.log.aspect.MyApiLogAspect        : ===================================================
2020-03-31 22:43:32.095  INFO 9424 --- [http-nio-8080-exec-5] com.lyy.log.aspect.MyApiLogAspect        : ===================== 请求内容 =====================
2020-03-31 22:43:32.095  INFO 9424 --- [http-nio-8080-exec-5] com.lyy.log.aspect.MyApiLogAspect        : == 业务发生时间:2020-03-31 10:43:32
2020-03-31 22:43:32.096  INFO 9424 --- [http-nio-8080-exec-5] com.lyy.log.aspect.MyApiLogAspect        : == 请求URL:http://localhost:8080/v1/specialty/update
2020-03-31 22:43:32.096  INFO 9424 --- [http-nio-8080-exec-5] com.lyy.log.aspect.MyApiLogAspect        : == 请求IP:0:0:0:0:0:0:0:1
2020-03-31 22:43:32.096  INFO 9424 --- [http-nio-8080-exec-5] com.lyy.log.aspect.MyApiLogAspect        : == 请求类:com.lyy.controller.SpecialtyController
2020-03-31 22:43:32.096  INFO 9424 --- [http-nio-8080-exec-5] com.lyy.log.aspect.MyApiLogAspect        : == 调用方法:doUpdate
2020-03-31 22:43:32.096  INFO 9424 --- [http-nio-8080-exec-5] com.lyy.log.aspect.MyApiLogAspect        : == 方法参数:[com.lyy.common.CommonRequest]vo 
2020-03-31 22:43:32.096  INFO 9424 --- [http-nio-8080-exec-5] com.lyy.log.aspect.MyApiLogAspect        : == 传入数据:[CommonRequest(head=RequestHead(token=string, businessType=string, equipId=string), body=RequestBody(data=SpecialtyQueryVO(id=4048821425953012, depId=string, name=信息科学, state=string, size=0, currentPage=0)))]
2020-03-31 22:43:32.096  INFO 9424 --- [http-nio-8080-exec-5] com.lyy.log.aspect.MyApiLogAspect        : =====================================================
2020-03-31 22:43:32.210  INFO 9424 --- [http-nio-8080-exec-5] com.lyy.log.aspect.MyApiLogAspect        : ===================== 响应内容 =====================
2020-03-31 22:43:32.210  INFO 9424 --- [http-nio-8080-exec-5] com.lyy.log.aspect.MyApiLogAspect        : == 业务发生时间:2020-03-31 10:43:32
2020-03-31 22:43:32.210  INFO 9424 --- [http-nio-8080-exec-5] com.lyy.log.aspect.MyApiLogAspect        : == 响应耗时:0s
2020-03-31 22:43:32.210  INFO 9424 --- [http-nio-8080-exec-5] com.lyy.log.aspect.MyApiLogAspect        : == 返回内容:CommonResponse(head=ResponseHead(responseCode=200, message=专业信息更新成功), body=ResponseBody(data=专业信息更新成功))
2020-03-31 22:43:32.210  INFO 9424 --- [http-nio-8080-exec-5] com.lyy.log.aspect.MyApiLogAspect        : ===================================================
2020-03-31 22:43:38.321  INFO 9424 --- [http-nio-8080-exec-6] com.lyy.log.aspect.MyApiLogAspect        : ===================== 请求内容 =====================
2020-03-31 22:43:38.321  INFO 9424 --- [http-nio-8080-exec-6] com.lyy.log.aspect.MyApiLogAspect        : == 业务发生时间:2020-03-31 10:43:38
2020-03-31 22:43:38.322  INFO 9424 --- [http-nio-8080-exec-6] com.lyy.log.aspect.MyApiLogAspect        : == 请求URL:http://localhost:8080/v1/specialty/query
2020-03-31 22:43:38.322  INFO 9424 --- [http-nio-8080-exec-6] com.lyy.log.aspect.MyApiLogAspect        : == 请求IP:0:0:0:0:0:0:0:1
2020-03-31 22:43:38.322  INFO 9424 --- [http-nio-8080-exec-6] com.lyy.log.aspect.MyApiLogAspect        : == 请求类:com.lyy.controller.SpecialtyController
2020-03-31 22:43:38.322  INFO 9424 --- [http-nio-8080-exec-6] com.lyy.log.aspect.MyApiLogAspect        : == 调用方法:doQueryAll
2020-03-31 22:43:38.322  INFO 9424 --- [http-nio-8080-exec-6] com.lyy.log.aspect.MyApiLogAspect        : == 方法参数:[com.lyy.common.CommonRequest]vo 
2020-03-31 22:43:38.322  INFO 9424 --- [http-nio-8080-exec-6] com.lyy.log.aspect.MyApiLogAspect        : == 传入数据:[CommonRequest(head=RequestHead(token=string, businessType=string, equipId=string), body=RequestBody(data=AdminAnnouncementQueryVo(id=string, title=string, content=string, time=Tue Mar 31 22:36:02 CST 2020, size=10, currentPage=0)))]
2020-03-31 22:43:38.322  INFO 9424 --- [http-nio-8080-exec-6] com.lyy.log.aspect.MyApiLogAspect        : =====================================================
2020-03-31 22:43:38.331  INFO 9424 --- [http-nio-8080-exec-6] com.lyy.log.aspect.MyApiLogAspect        : ===================== 响应内容 =====================
2020-03-31 22:43:38.331  INFO 9424 --- [http-nio-8080-exec-6] com.lyy.log.aspect.MyApiLogAspect        : == 业务发生时间:2020-03-31 10:43:38
2020-03-31 22:43:38.331  INFO 9424 --- [http-nio-8080-exec-6] com.lyy.log.aspect.MyApiLogAspect        : == 响应耗时:0s
2020-03-31 22:43:38.331  INFO 9424 --- [http-nio-8080-exec-6] com.lyy.log.aspect.MyApiLogAspect        : == 返回内容:CommonResponse(head=ResponseHead(responseCode=200, message=管理员公告信息查找成功), body=ResponseBody(data=SpecialtyResponseVO(id=string, depId=null, name=null, state=null, size=10, currentPage=0, pageInfo=PageInfo{pageNum=0, pageSize=10, size=2, startRow=1, endRow=2, total=2, pages=1, list=Page{count=true, pageNum=0, pageSize=10, startRow=0, endRow=0, total=2, pages=1, reasonable=false, pageSizeZero=false}, prePage=0, nextPage=1, isFirstPage=false, isLastPage=false, hasPreviousPage=false, hasNextPage=true, navigatePages=8, navigateFirstPage=1, navigateLastPage=1, navigatepageNums=[1]})))
2020-03-31 22:43:38.332  INFO 9424 --- [http-nio-8080-exec-6] com.lyy.log.aspect.MyApiLogAspect        : ===================================================
2020-03-31 22:43:56.096  INFO 9424 --- [http-nio-8080-exec-7] com.lyy.log.aspect.MyApiLogAspect        : ===================== 请求内容 =====================
2020-03-31 22:43:56.096  INFO 9424 --- [http-nio-8080-exec-7] com.lyy.log.aspect.MyApiLogAspect        : == 业务发生时间:2020-03-31 10:43:56
2020-03-31 22:43:56.096  INFO 9424 --- [http-nio-8080-exec-7] com.lyy.log.aspect.MyApiLogAspect        : == 请求URL:http://localhost:8080/v1/specialty/remove
2020-03-31 22:43:56.096  INFO 9424 --- [http-nio-8080-exec-7] com.lyy.log.aspect.MyApiLogAspect        : == 请求IP:0:0:0:0:0:0:0:1
2020-03-31 22:43:56.096  INFO 9424 --- [http-nio-8080-exec-7] com.lyy.log.aspect.MyApiLogAspect        : == 请求类:com.lyy.controller.SpecialtyController
2020-03-31 22:43:56.096  INFO 9424 --- [http-nio-8080-exec-7] com.lyy.log.aspect.MyApiLogAspect        : == 调用方法:doRemove
2020-03-31 22:43:56.096  INFO 9424 --- [http-nio-8080-exec-7] com.lyy.log.aspect.MyApiLogAspect        : == 方法参数:[com.lyy.common.CommonRequest]vo 
2020-03-31 22:43:56.096  INFO 9424 --- [http-nio-8080-exec-7] com.lyy.log.aspect.MyApiLogAspect        : == 传入数据:[CommonRequest(head=RequestHead(token=string, businessType=string, equipId=string), body=RequestBody(data=SpecialtyQueryVO(id=4048821425953012, depId=string, name=string, state=string, size=0, currentPage=0)))]
2020-03-31 22:43:56.096  INFO 9424 --- [http-nio-8080-exec-7] com.lyy.log.aspect.MyApiLogAspect        : =====================================================
2020-03-31 22:43:56.102  INFO 9424 --- [http-nio-8080-exec-7] com.lyy.log.aspect.MyApiLogAspect        : ===================== 响应内容 =====================
2020-03-31 22:43:56.102  INFO 9424 --- [http-nio-8080-exec-7] com.lyy.log.aspect.MyApiLogAspect        : == 业务发生时间:2020-03-31 10:43:56
2020-03-31 22:43:56.102  INFO 9424 --- [http-nio-8080-exec-7] com.lyy.log.aspect.MyApiLogAspect        : == 响应耗时:0s
2020-03-31 22:43:56.102  INFO 9424 --- [http-nio-8080-exec-7] com.lyy.log.aspect.MyApiLogAspect        : == 返回内容:CommonResponse(head=ResponseHead(responseCode=200, message=专业信息删除成功), body=ResponseBody(data=专业信息删除成功))
2020-03-31 22:43:56.102  INFO 9424 --- [http-nio-8080-exec-7] com.lyy.log.aspect.MyApiLogAspect        : ===================================================
2020-03-31 22:44:00.421  INFO 9424 --- [http-nio-8080-exec-8] com.lyy.log.aspect.MyApiLogAspect        : ===================== 请求内容 =====================
2020-03-31 22:44:00.421  INFO 9424 --- [http-nio-8080-exec-8] com.lyy.log.aspect.MyApiLogAspect        : == 业务发生时间:2020-03-31 10:44:00
2020-03-31 22:44:00.421  INFO 9424 --- [http-nio-8080-exec-8] com.lyy.log.aspect.MyApiLogAspect        : == 请求URL:http://localhost:8080/v1/specialty/query
2020-03-31 22:44:00.421  INFO 9424 --- [http-nio-8080-exec-8] com.lyy.log.aspect.MyApiLogAspect        : == 请求IP:0:0:0:0:0:0:0:1
2020-03-31 22:44:00.421  INFO 9424 --- [http-nio-8080-exec-8] com.lyy.log.aspect.MyApiLogAspect        : == 请求类:com.lyy.controller.SpecialtyController
2020-03-31 22:44:00.421  INFO 9424 --- [http-nio-8080-exec-8] com.lyy.log.aspect.MyApiLogAspect        : == 调用方法:doQueryAll
2020-03-31 22:44:00.421  INFO 9424 --- [http-nio-8080-exec-8] com.lyy.log.aspect.MyApiLogAspect        : == 方法参数:[com.lyy.common.CommonRequest]vo 
2020-03-31 22:44:00.422  INFO 9424 --- [http-nio-8080-exec-8] com.lyy.log.aspect.MyApiLogAspect        : == 传入数据:[CommonRequest(head=RequestHead(token=string, businessType=string, equipId=string), body=RequestBody(data=AdminAnnouncementQueryVo(id=string, title=string, content=string, time=Tue Mar 31 22:36:02 CST 2020, size=10, currentPage=0)))]
2020-03-31 22:44:00.422  INFO 9424 --- [http-nio-8080-exec-8] com.lyy.log.aspect.MyApiLogAspect        : =====================================================
2020-03-31 22:44:00.429  INFO 9424 --- [http-nio-8080-exec-8] com.lyy.log.aspect.MyApiLogAspect        : ===================== 响应内容 =====================
2020-03-31 22:44:00.430  INFO 9424 --- [http-nio-8080-exec-8] com.lyy.log.aspect.MyApiLogAspect        : == 业务发生时间:2020-03-31 10:44:00
2020-03-31 22:44:00.430  INFO 9424 --- [http-nio-8080-exec-8] com.lyy.log.aspect.MyApiLogAspect        : == 响应耗时:0s
2020-03-31 22:44:00.430  INFO 9424 --- [http-nio-8080-exec-8] com.lyy.log.aspect.MyApiLogAspect        : == 返回内容:CommonResponse(head=ResponseHead(responseCode=200, message=管理员公告信息查找成功), body=ResponseBody(data=SpecialtyResponseVO(id=string, depId=null, name=null, state=null, size=10, currentPage=0, pageInfo=PageInfo{pageNum=0, pageSize=10, size=1, startRow=1, endRow=1, total=1, pages=1, list=Page{count=true, pageNum=0, pageSize=10, startRow=0, endRow=0, total=1, pages=1, reasonable=false, pageSizeZero=false}, prePage=0, nextPage=1, isFirstPage=false, isLastPage=false, hasPreviousPage=false, hasNextPage=true, navigatePages=8, navigateFirstPage=1, navigateLastPage=1, navigatepageNums=[1]})))
2020-03-31 22:44:00.430  INFO 9424 --- [http-nio-8080-exec-8] com.lyy.log.aspect.MyApiLogAspect        : ===================================================
