2020-03-24 01:42:38.767  INFO 1616 --- [main] c.l.LearingOnlineAdminApplicationTests   : Starting LearingOnlineAdminApplicationTests on DESKTOP-F4CCISB with PID 1616 (started by LGX in E:\DevelopProjects\Java_Project\idea_project\lyy\learing-online\learing-online-admin)
2020-03-24 01:42:38.769  INFO 1616 --- [main] c.l.LearingOnlineAdminApplicationTests   : No active profile set, falling back to default profiles: default
2020-03-24 01:42:43.277  INFO 1616 --- [main] c.a.d.s.b.a.DruidDataSourceAutoConfigure : Init DruidDataSource
2020-03-24 01:42:47.263  INFO 1616 --- [main] com.alibaba.druid.pool.DruidDataSource   : {dataSource-1} inited
2020-03-24 01:42:50.302  INFO 1616 --- [main] pertySourcedRequestMappingHandlerMapping : Mapped URL path [/v2/api-docs] onto method [springfox.documentation.swagger2.web.Swagger2Controller#getDocumentation(String, HttpServletRequest)]
2020-03-24 01:42:51.048  INFO 1616 --- [main] o.s.s.concurrent.ThreadPoolTaskExecutor  : Initializing ExecutorService 'applicationTaskExecutor'
2020-03-24 01:42:51.711  INFO 1616 --- [main] d.s.w.p.DocumentationPluginsBootstrapper : Context refreshed
2020-03-24 01:42:51.780  INFO 1616 --- [main] d.s.w.p.DocumentationPluginsBootstrapper : Found 1 custom documentation plugin(s)
2020-03-24 01:42:51.841  INFO 1616 --- [main] s.d.s.w.s.ApiListingReferenceScanner     : Scanning for api listing references
2020-03-24 01:42:51.879  INFO 1616 --- [main] c.l.LearingOnlineAdminApplicationTests   : Started LearingOnlineAdminApplicationTests in 14.152 seconds (JVM running for 16.213)
2020-03-24 01:42:53.448  INFO 1616 --- [SpringContextShutdownHook] o.s.s.concurrent.ThreadPoolTaskExecutor  : Shutting down ExecutorService 'applicationTaskExecutor'
2020-03-24 01:42:53.482  INFO 1616 --- [SpringContextShutdownHook] com.alibaba.druid.pool.DruidDataSource   : {dataSource-1} closed
2020-03-24 01:44:02.877  INFO 4452 --- [main] c.l.LearingOnlineAdminApplicationTests   : Starting LearingOnlineAdminApplicationTests on DESKTOP-F4CCISB with PID 4452 (started by LGX in E:\DevelopProjects\Java_Project\idea_project\lyy\learing-online\learing-online-admin)
2020-03-24 01:44:02.879  INFO 4452 --- [main] c.l.LearingOnlineAdminApplicationTests   : No active profile set, falling back to default profiles: default
2020-03-24 01:44:05.780  INFO 4452 --- [main] c.a.d.s.b.a.DruidDataSourceAutoConfigure : Init DruidDataSource
2020-03-24 01:44:09.809  INFO 4452 --- [main] com.alibaba.druid.pool.DruidDataSource   : {dataSource-1} inited
2020-03-24 01:44:12.054  INFO 4452 --- [main] pertySourcedRequestMappingHandlerMapping : Mapped URL path [/v2/api-docs] onto method [springfox.documentation.swagger2.web.Swagger2Controller#getDocumentation(String, HttpServletRequest)]
2020-03-24 01:44:12.571  INFO 4452 --- [main] o.s.s.concurrent.ThreadPoolTaskExecutor  : Initializing ExecutorService 'applicationTaskExecutor'
2020-03-24 01:44:13.172  INFO 4452 --- [main] d.s.w.p.DocumentationPluginsBootstrapper : Context refreshed
2020-03-24 01:44:13.229  INFO 4452 --- [main] d.s.w.p.DocumentationPluginsBootstrapper : Found 1 custom documentation plugin(s)
2020-03-24 01:44:13.277  INFO 4452 --- [main] s.d.s.w.s.ApiListingReferenceScanner     : Scanning for api listing references
2020-03-24 01:44:13.306  INFO 4452 --- [main] c.l.LearingOnlineAdminApplicationTests   : Started LearingOnlineAdminApplicationTests in 10.979 seconds (JVM running for 12.519)
2020-03-24 01:44:13.876  INFO 4452 --- [SpringContextShutdownHook] o.s.s.concurrent.ThreadPoolTaskExecutor  : Shutting down ExecutorService 'applicationTaskExecutor'
2020-03-24 01:44:13.896  INFO 4452 --- [SpringContextShutdownHook] com.alibaba.druid.pool.DruidDataSource   : {dataSource-1} closed
